24-01-2020 08:51:49:: - [igk_sys_shutdown_function] - Array(4):[
type:1
message:Uncaught Error: Call to undefined function ipb_wln_e() in D:\Dev\php\armonic\armonic.php:3642
Stack trace:
#0 D:\Dev\php\armonic\armonic.php(1354): {closure}('EOF;', 0, 0, Object(stdClass))
#1 D:\Dev\php\armonic\armonic.php(4796): igk_treat_source(Array, Object(Closure), Array, Object(stdClass))
#2 D:\Dev\php\armonic\armonic.php(5066): igk_treat_filecommand(Object(stdClass))
#3 D:\Dev\php\armonic\armonic.php(4585): {closure}(Object(stdClass))
#4 D:\Dev\php\armonic\armonic.php(5580): igk_treat_execute_command(Object(stdClass))
#5 {main}
  thrown
file:D:\Dev\php\armonic\armonic.php
line:3642
]
24-01-2020 08:51:49:: - [igk_sys_g_handle_error] - :
severity: 2 session_destroy(): Trying to destroy uninitialized session D:\wwwroot\igkdev\Lib\igk\igk_framework.php:20542
24-01-2020 10:49:55:: - [igk_sys_g_handle_error] - :
severity: 8 Undefined variable: data D:\Dev\php\armonic\armonic.php:1917
24-01-2020 10:49:55:: - [igk_sys_g_handle_error] - /!\severity :8
message :Undefined variable: data
filename :D:\Dev\php\armonic\armonic.php
line :1917
request_uri :
query_string :

24-01-2020 10:50:15:: - [igk_sys_g_handle_error] - :
severity: 8 Undefined variable: data D:\Dev\php\armonic\armonic.php:1917
24-01-2020 10:50:15:: - [igk_sys_g_handle_error] - /!\severity :8
message :Undefined variable: data
filename :D:\Dev\php\armonic\armonic.php
line :1917
request_uri :
query_string :

24-01-2020 10:51:14:: - [igk_sys_g_handle_error] - :
severity: 8 Undefined variable: data D:\Dev\php\armonic\armonic.php:1917
24-01-2020 10:51:14:: - [igk_sys_g_handle_error] - /!\severity :8
message :Undefined variable: data
filename :D:\Dev\php\armonic\armonic.php
line :1917
request_uri :
query_string :

24-01-2020 10:53:42:: - [igk_sys_g_handle_error] - :
severity: 8 Undefined variable: data D:\Dev\php\armonic\armonic.php:1917
24-01-2020 10:53:42:: - [igk_sys_g_handle_error] - /!\severity :8
message :Undefined variable: data
filename :D:\Dev\php\armonic\armonic.php
line :1917
request_uri :
query_string :

24-01-2020 10:53:42:: - [igk_sys_g_handle_error] - :
severity: 8 Undefined variable: data D:\Dev\php\armonic\armonic.php:1917
24-01-2020 10:53:42:: - [igk_sys_g_handle_error] - /!\severity :8
message :Undefined variable: data
filename :D:\Dev\php\armonic\armonic.php
line :1917
request_uri :
query_string :

24-01-2020 10:53:43:: - [igk_sys_g_handle_error] - :
severity: 8 Undefined variable: data D:\Dev\php\armonic\armonic.php:1917
24-01-2020 10:53:43:: - [igk_sys_g_handle_error] - /!\severity :8
message :Undefined variable: data
filename :D:\Dev\php\armonic\armonic.php
line :1917
request_uri :
query_string :

24-01-2020 10:53:47:: - [igk_sys_g_handle_error] - :
severity: 8 Undefined variable: data D:\Dev\php\armonic\armonic.php:1917
24-01-2020 10:53:47:: - [igk_sys_g_handle_error] - /!\severity :8
message :Undefined variable: data
filename :D:\Dev\php\armonic\armonic.php
line :1917
request_uri :
query_string :

24-01-2020 10:53:48:: - [igk_sys_g_handle_error] - :
severity: 8 Undefined variable: data D:\Dev\php\armonic\armonic.php:1917
24-01-2020 10:53:48:: - [igk_sys_g_handle_error] - /!\severity :8
message :Undefined variable: data
filename :D:\Dev\php\armonic\armonic.php
line :1917
request_uri :
query_string :

24-01-2020 10:53:48:: - [igk_sys_g_handle_error] - :
severity: 8 Undefined variable: data D:\Dev\php\armonic\armonic.php:1917
24-01-2020 10:53:48:: - [igk_sys_g_handle_error] - /!\severity :8
message :Undefined variable: data
filename :D:\Dev\php\armonic\armonic.php
line :1917
request_uri :
query_string :

24-01-2020 10:53:54:: - [igk_sys_g_handle_error] - :
severity: 8 Undefined variable: data D:\Dev\php\armonic\armonic.php:1917
24-01-2020 10:53:54:: - [igk_sys_g_handle_error] - /!\severity :8
message :Undefined variable: data
filename :D:\Dev\php\armonic\armonic.php
line :1917
request_uri :
query_string :

24-01-2020 10:53:56:: - [igk_sys_g_handle_error] - :
severity: 8 Undefined variable: data D:\Dev\php\armonic\armonic.php:1917
24-01-2020 10:53:56:: - [igk_sys_g_handle_error] - /!\severity :8
message :Undefined variable: data
filename :D:\Dev\php\armonic\armonic.php
line :1917
request_uri :
query_string :

24-01-2020 10:53:59:: - [igk_sys_g_handle_error] - :
severity: 8 Undefined variable: data D:\Dev\php\armonic\armonic.php:1917
24-01-2020 10:53:59:: - [igk_sys_g_handle_error] - /!\severity :8
message :Undefined variable: data
filename :D:\Dev\php\armonic\armonic.php
line :1917
request_uri :
query_string :

24-01-2020 10:54:06:: - [igk_sys_g_handle_error] - :
severity: 8 Undefined variable: data D:\Dev\php\armonic\armonic.php:1917
24-01-2020 10:54:06:: - [igk_sys_g_handle_error] - /!\severity :8
message :Undefined variable: data
filename :D:\Dev\php\armonic\armonic.php
line :1917
request_uri :
query_string :

24-01-2020 10:54:07:: - [igk_sys_g_handle_error] - :
severity: 8 Undefined variable: data D:\Dev\php\armonic\armonic.php:1917
24-01-2020 10:54:07:: - [igk_sys_g_handle_error] - /!\severity :8
message :Undefined variable: data
filename :D:\Dev\php\armonic\armonic.php
line :1917
request_uri :
query_string :

24-01-2020 10:54:07:: - [igk_sys_g_handle_error] - :
severity: 8 Undefined variable: data D:\Dev\php\armonic\armonic.php:1917
24-01-2020 10:54:07:: - [igk_sys_g_handle_error] - /!\severity :8
message :Undefined variable: data
filename :D:\Dev\php\armonic\armonic.php
line :1917
request_uri :
query_string :

24-01-2020 10:54:13:: - [igk_sys_g_handle_error] - :
severity: 8 Undefined variable: data D:\Dev\php\armonic\armonic.php:1917
24-01-2020 10:54:13:: - [igk_sys_g_handle_error] - /!\severity :8
message :Undefined variable: data
filename :D:\Dev\php\armonic\armonic.php
line :1917
request_uri :
query_string :

24-01-2020 10:54:13:: - [igk_sys_g_handle_error] - :
severity: 8 Undefined variable: data D:\Dev\php\armonic\armonic.php:1917
24-01-2020 10:54:13:: - [igk_sys_g_handle_error] - /!\severity :8
message :Undefined variable: data
filename :D:\Dev\php\armonic\armonic.php
line :1917
request_uri :
query_string :

24-01-2020 10:54:14:: - [igk_sys_g_handle_error] - :
severity: 8 Undefined variable: data D:\Dev\php\armonic\armonic.php:1917
24-01-2020 10:54:14:: - [igk_sys_g_handle_error] - /!\severity :8
message :Undefined variable: data
filename :D:\Dev\php\armonic\armonic.php
line :1917
request_uri :
query_string :

24-01-2020 10:54:14:: - [igk_sys_g_handle_error] - :
severity: 8 Undefined variable: data D:\Dev\php\armonic\armonic.php:1917
24-01-2020 10:54:14:: - [igk_sys_g_handle_error] - /!\severity :8
message :Undefined variable: data
filename :D:\Dev\php\armonic\armonic.php
line :1917
request_uri :
query_string :

24-01-2020 10:54:15:: - [igk_sys_g_handle_error] - :
severity: 8 Undefined variable: data D:\Dev\php\armonic\armonic.php:1917
24-01-2020 10:54:15:: - [igk_sys_g_handle_error] - /!\severity :8
message :Undefined variable: data
filename :D:\Dev\php\armonic\armonic.php
line :1917
request_uri :
query_string :

24-01-2020 10:54:16:: - [igk_sys_g_handle_error] - :
severity: 8 Undefined variable: data D:\Dev\php\armonic\armonic.php:1917
24-01-2020 10:54:16:: - [igk_sys_g_handle_error] - /!\severity :8
message :Undefined variable: data
filename :D:\Dev\php\armonic\armonic.php
line :1917
request_uri :
query_string :

24-01-2020 10:54:18:: - [igk_sys_g_handle_error] - :
severity: 8 Undefined variable: data D:\Dev\php\armonic\armonic.php:1917
24-01-2020 10:54:18:: - [igk_sys_g_handle_error] - /!\severity :8
message :Undefined variable: data
filename :D:\Dev\php\armonic\armonic.php
line :1917
request_uri :
query_string :

24-01-2020 10:54:21:: - [igk_sys_g_handle_error] - :
severity: 8 Undefined variable: data D:\Dev\php\armonic\armonic.php:1917
24-01-2020 10:54:21:: - [igk_sys_g_handle_error] - /!\severity :8
message :Undefined variable: data
filename :D:\Dev\php\armonic\armonic.php
line :1917
request_uri :
query_string :

24-01-2020 10:54:22:: - [igk_sys_g_handle_error] - :
severity: 8 Undefined variable: data D:\Dev\php\armonic\armonic.php:1917
24-01-2020 10:54:22:: - [igk_sys_g_handle_error] - /!\severity :8
message :Undefined variable: data
filename :D:\Dev\php\armonic\armonic.php
line :1917
request_uri :
query_string :

24-01-2020 10:54:22:: - [igk_sys_g_handle_error] - :
severity: 8 Undefined variable: data D:\Dev\php\armonic\armonic.php:1917
24-01-2020 10:54:22:: - [igk_sys_g_handle_error] - /!\severity :8
message :Undefined variable: data
filename :D:\Dev\php\armonic\armonic.php
line :1917
request_uri :
query_string :

24-01-2020 10:54:22:: - [igk_sys_g_handle_error] - :
severity: 8 Undefined variable: data D:\Dev\php\armonic\armonic.php:1917
24-01-2020 10:54:22:: - [igk_sys_g_handle_error] - /!\severity :8
message :Undefined variable: data
filename :D:\Dev\php\armonic\armonic.php
line :1917
request_uri :
query_string :

24-01-2020 10:54:22:: - [igk_sys_g_handle_error] - :
severity: 8 Undefined variable: data D:\Dev\php\armonic\armonic.php:1917
24-01-2020 10:54:22:: - [igk_sys_g_handle_error] - /!\severity :8
message :Undefined variable: data
filename :D:\Dev\php\armonic\armonic.php
line :1917
request_uri :
query_string :

24-01-2020 10:54:22:: - [igk_sys_g_handle_error] - :
severity: 8 Undefined variable: data D:\Dev\php\armonic\armonic.php:1917
24-01-2020 10:54:22:: - [igk_sys_g_handle_error] - /!\severity :8
message :Undefined variable: data
filename :D:\Dev\php\armonic\armonic.php
line :1917
request_uri :
query_string :

24-01-2020 10:54:22:: - [igk_sys_g_handle_error] - :
severity: 8 Undefined variable: data D:\Dev\php\armonic\armonic.php:1917
24-01-2020 10:54:22:: - [igk_sys_g_handle_error] - /!\severity :8
message :Undefined variable: data
filename :D:\Dev\php\armonic\armonic.php
line :1917
request_uri :
query_string :

24-01-2020 10:54:24:: - [igk_sys_g_handle_error] - :
severity: 8 Undefined variable: data D:\Dev\php\armonic\armonic.php:1917
24-01-2020 10:54:24:: - [igk_sys_g_handle_error] - /!\severity :8
message :Undefined variable: data
filename :D:\Dev\php\armonic\armonic.php
line :1917
request_uri :
query_string :

24-01-2020 10:54:25:: - [igk_sys_g_handle_error] - :
severity: 8 Undefined variable: data D:\Dev\php\armonic\armonic.php:1917
24-01-2020 10:54:25:: - [igk_sys_g_handle_error] - /!\severity :8
message :Undefined variable: data
filename :D:\Dev\php\armonic\armonic.php
line :1917
request_uri :
query_string :

24-01-2020 10:54:25:: - [igk_sys_g_handle_error] - :
severity: 8 Undefined variable: data D:\Dev\php\armonic\armonic.php:1917
24-01-2020 10:54:26:: - [igk_sys_g_handle_error] - /!\severity :8
message :Undefined variable: data
filename :D:\Dev\php\armonic\armonic.php
line :1917
request_uri :
query_string :

24-01-2020 10:54:27:: - [igk_sys_g_handle_error] - :
severity: 8 Undefined variable: data D:\Dev\php\armonic\armonic.php:1917
24-01-2020 10:54:27:: - [igk_sys_g_handle_error] - /!\severity :8
message :Undefined variable: data
filename :D:\Dev\php\armonic\armonic.php
line :1917
request_uri :
query_string :

24-01-2020 10:54:28:: - [igk_sys_g_handle_error] - :
severity: 8 Undefined variable: data D:\Dev\php\armonic\armonic.php:1917
24-01-2020 10:54:28:: - [igk_sys_g_handle_error] - /!\severity :8
message :Undefined variable: data
filename :D:\Dev\php\armonic\armonic.php
line :1917
request_uri :
query_string :

24-01-2020 10:54:28:: - [igk_sys_g_handle_error] - :
severity: 8 Undefined variable: data D:\Dev\php\armonic\armonic.php:1917
24-01-2020 10:54:28:: - [igk_sys_g_handle_error] - /!\severity :8
message :Undefined variable: data
filename :D:\Dev\php\armonic\armonic.php
line :1917
request_uri :
query_string :

24-01-2020 10:54:28:: - [igk_sys_g_handle_error] - :
severity: 8 Undefined variable: data D:\Dev\php\armonic\armonic.php:1917
24-01-2020 10:54:28:: - [igk_sys_g_handle_error] - /!\severity :8
message :Undefined variable: data
filename :D:\Dev\php\armonic\armonic.php
line :1917
request_uri :
query_string :

24-01-2020 10:54:28:: - [igk_sys_g_handle_error] - :
severity: 8 Undefined variable: data D:\Dev\php\armonic\armonic.php:1917
24-01-2020 10:54:28:: - [igk_sys_g_handle_error] - /!\severity :8
message :Undefined variable: data
filename :D:\Dev\php\armonic\armonic.php
line :1917
request_uri :
query_string :

24-01-2020 10:54:29:: - [igk_sys_g_handle_error] - :
severity: 8 Undefined variable: data D:\Dev\php\armonic\armonic.php:1917
24-01-2020 10:54:29:: - [igk_sys_g_handle_error] - /!\severity :8
message :Undefined variable: data
filename :D:\Dev\php\armonic\armonic.php
line :1917
request_uri :
query_string :

24-01-2020 10:54:29:: - [igk_sys_g_handle_error] - :
severity: 8 Undefined variable: data D:\Dev\php\armonic\armonic.php:1917
24-01-2020 10:54:29:: - [igk_sys_g_handle_error] - /!\severity :8
message :Undefined variable: data
filename :D:\Dev\php\armonic\armonic.php
line :1917
request_uri :
query_string :

24-01-2020 10:54:31:: - [igk_sys_g_handle_error] - :
severity: 8 Undefined variable: data D:\Dev\php\armonic\armonic.php:1917
24-01-2020 10:54:31:: - [igk_sys_g_handle_error] - /!\severity :8
message :Undefined variable: data
filename :D:\Dev\php\armonic\armonic.php
line :1917
request_uri :
query_string :

24-01-2020 10:54:31:: - [igk_sys_g_handle_error] - :
severity: 8 Undefined variable: data D:\Dev\php\armonic\armonic.php:1917
24-01-2020 10:54:31:: - [igk_sys_g_handle_error] - /!\severity :8
message :Undefined variable: data
filename :D:\Dev\php\armonic\armonic.php
line :1917
request_uri :
query_string :

24-01-2020 10:54:31:: - [igk_sys_g_handle_error] - :
severity: 8 Undefined variable: data D:\Dev\php\armonic\armonic.php:1917
24-01-2020 10:54:31:: - [igk_sys_g_handle_error] - /!\severity :8
message :Undefined variable: data
filename :D:\Dev\php\armonic\armonic.php
line :1917
request_uri :
query_string :

24-01-2020 10:54:32:: - [igk_sys_g_handle_error] - :
severity: 8 Undefined variable: data D:\Dev\php\armonic\armonic.php:1917
24-01-2020 10:54:32:: - [igk_sys_g_handle_error] - /!\severity :8
message :Undefined variable: data
filename :D:\Dev\php\armonic\armonic.php
line :1917
request_uri :
query_string :

24-01-2020 10:54:33:: - [igk_sys_g_handle_error] - :
severity: 8 Undefined variable: data D:\Dev\php\armonic\armonic.php:1917
24-01-2020 10:54:33:: - [igk_sys_g_handle_error] - /!\severity :8
message :Undefined variable: data
filename :D:\Dev\php\armonic\armonic.php
line :1917
request_uri :
query_string :

24-01-2020 10:54:33:: - [igk_sys_g_handle_error] - :
severity: 8 Undefined variable: data D:\Dev\php\armonic\armonic.php:1917
24-01-2020 10:54:33:: - [igk_sys_g_handle_error] - /!\severity :8
message :Undefined variable: data
filename :D:\Dev\php\armonic\armonic.php
line :1917
request_uri :
query_string :

24-01-2020 10:54:33:: - [igk_sys_g_handle_error] - :
severity: 8 Undefined variable: data D:\Dev\php\armonic\armonic.php:1917
24-01-2020 10:54:33:: - [igk_sys_g_handle_error] - /!\severity :8
message :Undefined variable: data
filename :D:\Dev\php\armonic\armonic.php
line :1917
request_uri :
query_string :

24-01-2020 10:54:33:: - [igk_sys_g_handle_error] - :
severity: 8 Undefined variable: data D:\Dev\php\armonic\armonic.php:1917
24-01-2020 10:54:33:: - [igk_sys_g_handle_error] - /!\severity :8
message :Undefined variable: data
filename :D:\Dev\php\armonic\armonic.php
line :1917
request_uri :
query_string :

24-01-2020 10:54:34:: - [igk_sys_g_handle_error] - :
severity: 8 Undefined variable: data D:\Dev\php\armonic\armonic.php:1917
24-01-2020 10:54:34:: - [igk_sys_g_handle_error] - /!\severity :8
message :Undefined variable: data
filename :D:\Dev\php\armonic\armonic.php
line :1917
request_uri :
query_string :

24-01-2020 10:54:34:: - [igk_sys_g_handle_error] - :
severity: 8 Undefined variable: data D:\Dev\php\armonic\armonic.php:1917
24-01-2020 10:54:34:: - [igk_sys_g_handle_error] - /!\severity :8
message :Undefined variable: data
filename :D:\Dev\php\armonic\armonic.php
line :1917
request_uri :
query_string :

24-01-2020 10:54:34:: - [igk_sys_g_handle_error] - :
severity: 8 Undefined variable: data D:\Dev\php\armonic\armonic.php:1917
24-01-2020 10:54:34:: - [igk_sys_g_handle_error] - /!\severity :8
message :Undefined variable: data
filename :D:\Dev\php\armonic\armonic.php
line :1917
request_uri :
query_string :

24-01-2020 10:54:34:: - [igk_sys_g_handle_error] - :
severity: 8 Undefined variable: data D:\Dev\php\armonic\armonic.php:1917
24-01-2020 10:54:34:: - [igk_sys_g_handle_error] - /!\severity :8
message :Undefined variable: data
filename :D:\Dev\php\armonic\armonic.php
line :1917
request_uri :
query_string :

24-01-2020 10:54:34:: - [igk_sys_g_handle_error] - :
severity: 8 Undefined variable: data D:\Dev\php\armonic\armonic.php:1917
24-01-2020 10:54:34:: - [igk_sys_g_handle_error] - /!\severity :8
message :Undefined variable: data
filename :D:\Dev\php\armonic\armonic.php
line :1917
request_uri :
query_string :

24-01-2020 10:54:34:: - [igk_sys_g_handle_error] - :
severity: 8 Undefined variable: data D:\Dev\php\armonic\armonic.php:1917
24-01-2020 10:54:34:: - [igk_sys_g_handle_error] - /!\severity :8
message :Undefined variable: data
filename :D:\Dev\php\armonic\armonic.php
line :1917
request_uri :
query_string :

24-01-2020 10:54:34:: - [igk_sys_g_handle_error] - :
severity: 8 Undefined variable: data D:\Dev\php\armonic\armonic.php:1917
24-01-2020 10:54:34:: - [igk_sys_g_handle_error] - /!\severity :8
message :Undefined variable: data
filename :D:\Dev\php\armonic\armonic.php
line :1917
request_uri :
query_string :

24-01-2020 10:54:34:: - [igk_sys_g_handle_error] - :
severity: 8 Undefined variable: data D:\Dev\php\armonic\armonic.php:1917
24-01-2020 10:54:34:: - [igk_sys_g_handle_error] - /!\severity :8
message :Undefined variable: data
filename :D:\Dev\php\armonic\armonic.php
line :1917
request_uri :
query_string :

24-01-2020 10:54:34:: - [igk_sys_g_handle_error] - :
severity: 8 Undefined variable: data D:\Dev\php\armonic\armonic.php:1917
24-01-2020 10:54:34:: - [igk_sys_g_handle_error] - /!\severity :8
message :Undefined variable: data
filename :D:\Dev\php\armonic\armonic.php
line :1917
request_uri :
query_string :

24-01-2020 10:54:34:: - [igk_sys_g_handle_error] - :
severity: 8 Undefined variable: data D:\Dev\php\armonic\armonic.php:1917
24-01-2020 10:54:34:: - [igk_sys_g_handle_error] - /!\severity :8
message :Undefined variable: data
filename :D:\Dev\php\armonic\armonic.php
line :1917
request_uri :
query_string :

24-01-2020 10:54:38:: - [igk_sys_g_handle_error] - :
severity: 8 Undefined variable: data D:\Dev\php\armonic\armonic.php:1917
24-01-2020 10:54:38:: - [igk_sys_g_handle_error] - /!\severity :8
message :Undefined variable: data
filename :D:\Dev\php\armonic\armonic.php
line :1917
request_uri :
query_string :

24-01-2020 10:54:38:: - [igk_sys_g_handle_error] - :
severity: 8 Undefined variable: data D:\Dev\php\armonic\armonic.php:1917
24-01-2020 10:54:38:: - [igk_sys_g_handle_error] - /!\severity :8
message :Undefined variable: data
filename :D:\Dev\php\armonic\armonic.php
line :1917
request_uri :
query_string :

24-01-2020 10:54:39:: - [igk_sys_g_handle_error] - :
severity: 8 Undefined variable: data D:\Dev\php\armonic\armonic.php:1917
24-01-2020 10:54:39:: - [igk_sys_g_handle_error] - /!\severity :8
message :Undefined variable: data
filename :D:\Dev\php\armonic\armonic.php
line :1917
request_uri :
query_string :

24-01-2020 10:54:40:: - [igk_sys_g_handle_error] - :
severity: 8 Undefined variable: data D:\Dev\php\armonic\armonic.php:1917
24-01-2020 10:54:40:: - [igk_sys_g_handle_error] - /!\severity :8
message :Undefined variable: data
filename :D:\Dev\php\armonic\armonic.php
line :1917
request_uri :
query_string :

24-01-2020 10:54:41:: - [igk_sys_g_handle_error] - :
severity: 8 Undefined variable: data D:\Dev\php\armonic\armonic.php:1917
24-01-2020 10:54:41:: - [igk_sys_g_handle_error] - /!\severity :8
message :Undefined variable: data
filename :D:\Dev\php\armonic\armonic.php
line :1917
request_uri :
query_string :

24-01-2020 10:54:41:: - [igk_sys_g_handle_error] - :
severity: 8 Undefined variable: data D:\Dev\php\armonic\armonic.php:1917
24-01-2020 10:54:41:: - [igk_sys_g_handle_error] - /!\severity :8
message :Undefined variable: data
filename :D:\Dev\php\armonic\armonic.php
line :1917
request_uri :
query_string :

24-01-2020 10:54:43:: - [igk_sys_g_handle_error] - :
severity: 8 Undefined variable: data D:\Dev\php\armonic\armonic.php:1917
24-01-2020 10:54:43:: - [igk_sys_g_handle_error] - /!\severity :8
message :Undefined variable: data
filename :D:\Dev\php\armonic\armonic.php
line :1917
request_uri :
query_string :

24-01-2020 10:54:43:: - [igk_sys_g_handle_error] - :
severity: 8 Undefined variable: data D:\Dev\php\armonic\armonic.php:1917
24-01-2020 10:54:43:: - [igk_sys_g_handle_error] - /!\severity :8
message :Undefined variable: data
filename :D:\Dev\php\armonic\armonic.php
line :1917
request_uri :
query_string :

24-01-2020 10:54:44:: - [igk_sys_g_handle_error] - :
severity: 8 Undefined variable: data D:\Dev\php\armonic\armonic.php:1917
24-01-2020 10:54:44:: - [igk_sys_g_handle_error] - /!\severity :8
message :Undefined variable: data
filename :D:\Dev\php\armonic\armonic.php
line :1917
request_uri :
query_string :

24-01-2020 10:54:44:: - [igk_sys_g_handle_error] - :
severity: 8 Undefined variable: data D:\Dev\php\armonic\armonic.php:1917
24-01-2020 10:54:44:: - [igk_sys_g_handle_error] - /!\severity :8
message :Undefined variable: data
filename :D:\Dev\php\armonic\armonic.php
line :1917
request_uri :
query_string :

24-01-2020 10:54:44:: - [igk_sys_g_handle_error] - :
severity: 8 Undefined variable: data D:\Dev\php\armonic\armonic.php:1917
24-01-2020 10:54:44:: - [igk_sys_g_handle_error] - /!\severity :8
message :Undefined variable: data
filename :D:\Dev\php\armonic\armonic.php
line :1917
request_uri :
query_string :

24-01-2020 10:54:44:: - [igk_sys_g_handle_error] - :
severity: 8 Undefined variable: data D:\Dev\php\armonic\armonic.php:1917
24-01-2020 10:54:44:: - [igk_sys_g_handle_error] - /!\severity :8
message :Undefined variable: data
filename :D:\Dev\php\armonic\armonic.php
line :1917
request_uri :
query_string :

24-01-2020 10:54:44:: - [igk_sys_g_handle_error] - :
severity: 8 Undefined variable: data D:\Dev\php\armonic\armonic.php:1917
24-01-2020 10:54:44:: - [igk_sys_g_handle_error] - /!\severity :8
message :Undefined variable: data
filename :D:\Dev\php\armonic\armonic.php
line :1917
request_uri :
query_string :

24-01-2020 10:54:44:: - [igk_sys_g_handle_error] - :
severity: 8 Undefined variable: data D:\Dev\php\armonic\armonic.php:1917
24-01-2020 10:54:44:: - [igk_sys_g_handle_error] - /!\severity :8
message :Undefined variable: data
filename :D:\Dev\php\armonic\armonic.php
line :1917
request_uri :
query_string :

24-01-2020 10:54:44:: - [igk_sys_g_handle_error] - :
severity: 8 Undefined variable: data D:\Dev\php\armonic\armonic.php:1917
24-01-2020 10:54:44:: - [igk_sys_g_handle_error] - /!\severity :8
message :Undefined variable: data
filename :D:\Dev\php\armonic\armonic.php
line :1917
request_uri :
query_string :

24-01-2020 10:54:45:: - [igk_sys_g_handle_error] - :
severity: 8 Undefined variable: data D:\Dev\php\armonic\armonic.php:1917
24-01-2020 10:54:45:: - [igk_sys_g_handle_error] - /!\severity :8
message :Undefined variable: data
filename :D:\Dev\php\armonic\armonic.php
line :1917
request_uri :
query_string :

24-01-2020 10:54:48:: - [igk_sys_g_handle_error] - :
severity: 8 Undefined variable: data D:\Dev\php\armonic\armonic.php:1917
24-01-2020 10:54:48:: - [igk_sys_g_handle_error] - /!\severity :8
message :Undefined variable: data
filename :D:\Dev\php\armonic\armonic.php
line :1917
request_uri :
query_string :

24-01-2020 10:54:48:: - [igk_sys_g_handle_error] - :
severity: 8 Undefined variable: data D:\Dev\php\armonic\armonic.php:1917
24-01-2020 10:54:48:: - [igk_sys_g_handle_error] - /!\severity :8
message :Undefined variable: data
filename :D:\Dev\php\armonic\armonic.php
line :1917
request_uri :
query_string :

24-01-2020 10:54:48:: - [igk_sys_g_handle_error] - :
severity: 8 Undefined variable: data D:\Dev\php\armonic\armonic.php:1917
24-01-2020 10:54:48:: - [igk_sys_g_handle_error] - /!\severity :8
message :Undefined variable: data
filename :D:\Dev\php\armonic\armonic.php
line :1917
request_uri :
query_string :

24-01-2020 10:54:48:: - [igk_sys_g_handle_error] - :
severity: 8 Undefined variable: data D:\Dev\php\armonic\armonic.php:1917
24-01-2020 10:54:48:: - [igk_sys_g_handle_error] - /!\severity :8
message :Undefined variable: data
filename :D:\Dev\php\armonic\armonic.php
line :1917
request_uri :
query_string :

24-01-2020 10:54:48:: - [igk_sys_g_handle_error] - :
severity: 8 Undefined variable: data D:\Dev\php\armonic\armonic.php:1917
24-01-2020 10:54:48:: - [igk_sys_g_handle_error] - /!\severity :8
message :Undefined variable: data
filename :D:\Dev\php\armonic\armonic.php
line :1917
request_uri :
query_string :

24-01-2020 10:54:48:: - [igk_sys_g_handle_error] - :
severity: 8 Undefined variable: data D:\Dev\php\armonic\armonic.php:1917
24-01-2020 10:54:48:: - [igk_sys_g_handle_error] - /!\severity :8
message :Undefined variable: data
filename :D:\Dev\php\armonic\armonic.php
line :1917
request_uri :
query_string :

24-01-2020 10:54:48:: - [igk_sys_g_handle_error] - :
severity: 8 Undefined variable: data D:\Dev\php\armonic\armonic.php:1917
24-01-2020 10:54:48:: - [igk_sys_g_handle_error] - /!\severity :8
message :Undefined variable: data
filename :D:\Dev\php\armonic\armonic.php
line :1917
request_uri :
query_string :

24-01-2020 10:54:48:: - [igk_sys_g_handle_error] - :
severity: 8 Undefined variable: data D:\Dev\php\armonic\armonic.php:1917
24-01-2020 10:54:48:: - [igk_sys_g_handle_error] - /!\severity :8
message :Undefined variable: data
filename :D:\Dev\php\armonic\armonic.php
line :1917
request_uri :
query_string :

24-01-2020 10:54:50:: - [igk_sys_g_handle_error] - :
severity: 8 Undefined variable: data D:\Dev\php\armonic\armonic.php:1917
24-01-2020 10:54:50:: - [igk_sys_g_handle_error] - /!\severity :8
message :Undefined variable: data
filename :D:\Dev\php\armonic\armonic.php
line :1917
request_uri :
query_string :

24-01-2020 12:14:54:: - [igk_sys_g_handle_error] - :
severity: 8 Uninitialized string offset: 4 D:\Dev\php\armonic\armonic.php:2467
24-01-2020 12:14:54:: - [igk_sys_g_handle_error] - /!\severity :8
message :Uninitialized string offset: 4
filename :D:\Dev\php\armonic\armonic.php
line :2467
request_uri :
query_string :

24-01-2020 12:17:45:: - [igk_sys_g_handle_error] - :
severity: 8 Undefined property: stdClass::$mode D:\Dev\php\armonic\armonic.php:2297
24-01-2020 12:17:45:: - [igk_sys_g_handle_error] - /!\severity :8
message :Undefined property: stdClass::$mode
filename :D:\Dev\php\armonic\armonic.php
line :2297
request_uri :
query_string :

24-01-2020 12:17:45:: - [igk_sys_g_handle_error] - :
severity: 8 Undefined property: stdClass::$mode D:\Dev\php\armonic\armonic.php:2297
24-01-2020 12:17:45:: - [igk_sys_g_handle_error] - /!\severity :8
message :Undefined property: stdClass::$mode
filename :D:\Dev\php\armonic\armonic.php
line :2297
request_uri :
query_string :

24-01-2020 12:24:15:: - [igk_sys_g_handle_error] - :
severity: 8 Undefined variable: command D:\Dev\php\armonic\armonic.php:5495
24-01-2020 12:24:15:: - [igk_sys_g_handle_error] - /!\severity :8
message :Undefined variable: command
filename :D:\Dev\php\armonic\armonic.php
line :5495
request_uri :
query_string :

24-01-2020 12:24:25:: - [igk_sys_g_handle_error] - :
severity: 8 Undefined variable: command D:\Dev\php\armonic\armonic.php:5495
24-01-2020 12:24:25:: - [igk_sys_g_handle_error] - /!\severity :8
message :Undefined variable: command
filename :D:\Dev\php\armonic\armonic.php
line :5495
request_uri :
query_string :

24-01-2020 12:25:57:: - [igk_sys_g_handle_error] - :
severity: 8 Undefined variable: command D:\Dev\php\armonic\armonic.php:5495
24-01-2020 12:25:57:: - [igk_sys_g_handle_error] - /!\severity :8
message :Undefined variable: command
filename :D:\Dev\php\armonic\armonic.php
line :5495
request_uri :
query_string :

24-01-2020 12:26:08:: - [igk_sys_g_handle_error] - :
severity: 8 Undefined variable: command D:\Dev\php\armonic\armonic.php:5495
24-01-2020 12:26:08:: - [igk_sys_g_handle_error] - /!\severity :8
message :Undefined variable: command
filename :D:\Dev\php\armonic\armonic.php
line :5495
request_uri :
query_string :

24-01-2020 17:19:33:: - [igk_sys_g_handle_error] - :
severity: 8 Undefined variable: c D:\Dev\php\armonic\armonic.php:2267
24-01-2020 17:19:33:: - [igk_sys_g_handle_error] - /!\severity :8
message :Undefined variable: c
filename :D:\Dev\php\armonic\armonic.php
line :2267
request_uri :
query_string :

