23-08-2019 18:19:21:: - [igk_sys_g_handle_error] - severity:2 Use of undefined constant ARMONIC_DATA_FILE - assumed 'ARMONIC_DATA_FILE' (this will throw an Error in a future version of PHP) D:\dev\2019\php\src\armonic\armonic.php:5215
23-08-2019 18:19:28:: - [igk_sys_g_handle_error] - severity:2 Use of undefined constant ARMONIC_DATA_FILE - assumed 'ARMONIC_DATA_FILE' (this will throw an Error in a future version of PHP) D:\dev\2019\php\src\armonic\armonic.php:5215
23-08-2019 18:20:01:: - [igk_sys_g_handle_error] - severity:2 Use of undefined constant ARMONIC_DATA_FILE - assumed 'ARMONIC_DATA_FILE' (this will throw an Error in a future version of PHP) D:\dev\2019\php\src\armonic\armonic.php:5215
23-08-2019 18:21:08:: - [igk_sys_g_handle_error] - severity:2 Use of undefined constant ARMONIC_DATA_FILE - assumed 'ARMONIC_DATA_FILE' (this will throw an Error in a future version of PHP) D:\dev\2019\php\src\armonic\armonic.php:5215
23-08-2019 18:21:18:: - [igk_sys_g_handle_error] - severity:2 Use of undefined constant ARMONIC_DATA_FILE - assumed 'ARMONIC_DATA_FILE' (this will throw an Error in a future version of PHP) D:\dev\2019\php\src\armonic\armonic.php:5215
23-08-2019 18:25:33:: - [igk_sys_g_handle_error] - severity:2 Use of undefined constant ARMONIC_DATA_FILE - assumed 'ARMONIC_DATA_FILE' (this will throw an Error in a future version of PHP) D:\dev\2019\php\src\armonic\armonic.php:5221
23-08-2019 18:26:42:: - [igk_sys_g_handle_error] - severity:2 Use of undefined constant ARMONIC_DATA_FILE - assumed 'ARMONIC_DATA_FILE' (this will throw an Error in a future version of PHP) D:\dev\2019\php\src\armonic\armonic.php:5215
23-08-2019 18:26:52:: - [igk_sys_g_handle_error] - severity:2 Use of undefined constant ARMONIC_DATA_FILE - assumed 'ARMONIC_DATA_FILE' (this will throw an Error in a future version of PHP) D:\dev\2019\php\src\armonic\armonic.php:5215
23-08-2019 18:30:42:: - [igk_sys_g_handle_error] - severity:2 Use of undefined constant ARMONIC_DATA_FILE - assumed 'ARMONIC_DATA_FILE' (this will throw an Error in a future version of PHP) D:\dev\2019\php\src\armonic\armonic.php:5216
23-08-2019 18:31:28:: - [igk_sys_g_handle_error] - severity:2 Use of undefined constant ARMONIC_DATA_FILE - assumed 'ARMONIC_DATA_FILE' (this will throw an Error in a future version of PHP) D:\dev\2019\php\src\armonic\armonic.php:5216
23-08-2019 18:34:25:: - [igk_sys_g_handle_error] - severity:2 Use of undefined constant ARMONIC_DATA_FILE - assumed 'ARMONIC_DATA_FILE' (this will throw an Error in a future version of PHP) D:\dev\2019\php\src\armonic\armonic.php:5222
23-08-2019 18:35:25:: - [igk_sys_g_handle_error] - severity:2 Use of undefined constant ARMONIC_DATA_FILE - assumed 'ARMONIC_DATA_FILE' (this will throw an Error in a future version of PHP) D:\dev\2019\php\src\armonic\armonic.php:5222
23-08-2019 18:39:21:: - [igk_sys_g_handle_error] - severity:2 Use of undefined constant ARMONIC_DATA_FILE - assumed 'ARMONIC_DATA_FILE' (this will throw an Error in a future version of PHP) D:\dev\2019\php\src\armonic\armonic.php:5222
23-08-2019 18:40:01:: - [igk_sys_g_handle_error] - severity:2 Use of undefined constant ARMONIC_DATA_FILE - assumed 'ARMONIC_DATA_FILE' (this will throw an Error in a future version of PHP) D:\dev\2019\php\src\armonic\armonic.php:5223
23-08-2019 18:40:34:: - [igk_sys_g_handle_error] - severity:2 Use of undefined constant ARMONIC_DATA_FILE - assumed 'ARMONIC_DATA_FILE' (this will throw an Error in a future version of PHP) D:\dev\2019\php\src\armonic\armonic.php:5222
23-08-2019 18:42:32:: - [igk_sys_g_handle_error] - severity:2 Use of undefined constant ARMONIC_DATA_FILE - assumed 'ARMONIC_DATA_FILE' (this will throw an Error in a future version of PHP) D:\dev\2019\php\src\armonic\armonic.php:5222
23-08-2019 18:42:42:: - [igk_sys_g_handle_error] - severity:2 Use of undefined constant ARMONIC_DATA_FILE - assumed 'ARMONIC_DATA_FILE' (this will throw an Error in a future version of PHP) D:\dev\2019\php\src\armonic\armonic.php:5222
23-08-2019 18:46:34:: - [igk_sys_g_handle_error] - severity:2 Use of undefined constant ARMONIC_DATA_FILE - assumed 'ARMONIC_DATA_FILE' (this will throw an Error in a future version of PHP) D:\dev\2019\php\src\armonic\armonic.php:5226
23-08-2019 18:47:08:: - [igk_sys_g_handle_error] - severity:2 Use of undefined constant ARMONIC_DATA_FILE - assumed 'ARMONIC_DATA_FILE' (this will throw an Error in a future version of PHP) D:\dev\2019\php\src\armonic\armonic.php:5227
23-08-2019 18:48:33:: - [igk_sys_g_handle_error] - severity:2 Use of undefined constant ARMONIC_DATA_FILE - assumed 'ARMONIC_DATA_FILE' (this will throw an Error in a future version of PHP) D:\dev\2019\php\src\armonic\armonic.php:5229
23-08-2019 18:50:08:: - [igk_sys_g_handle_error] - severity:2 Use of undefined constant ARMONIC_DATA_FILE - assumed 'ARMONIC_DATA_FILE' (this will throw an Error in a future version of PHP) D:\dev\2019\php\src\armonic\armonic.php:5229
23-08-2019 18:50:08:: - [igk_sys_g_handle_error] - severity:8 Undefined variable: def D:\dev\2019\php\src\armonic\armonic.php:3154
23-08-2019 18:50:08:: - [igk_sys_g_handle_error] - /!\severity :8
message :Undefined variable: def
filename :D:\dev\2019\php\src\armonic\armonic.php
line :3154
request_uri :
query_string :

23-08-2019 18:50:08:: - [igk_sys_g_handle_error] - severity:8 Undefined variable: def D:\dev\2019\php\src\armonic\armonic.php:3155
23-08-2019 18:50:08:: - [igk_sys_g_handle_error] - /!\severity :8
message :Undefined variable: def
filename :D:\dev\2019\php\src\armonic\armonic.php
line :3155
request_uri :
query_string :

23-08-2019 18:56:15:: - [igk_sys_g_handle_error] - severity:2 Use of undefined constant ARMONIC_DATA_FILE - assumed 'ARMONIC_DATA_FILE' (this will throw an Error in a future version of PHP) D:\dev\2019\php\src\armonic\armonic.php:5237
23-08-2019 18:56:15:: - [igk_sys_g_handle_error] - severity:8 Undefined variable: def D:\dev\2019\php\src\armonic\armonic.php:3154
23-08-2019 18:56:15:: - [igk_sys_g_handle_error] - /!\severity :8
message :Undefined variable: def
filename :D:\dev\2019\php\src\armonic\armonic.php
line :3154
request_uri :
query_string :

23-08-2019 18:56:15:: - [igk_sys_g_handle_error] - severity:8 Undefined variable: def D:\dev\2019\php\src\armonic\armonic.php:3155
23-08-2019 18:56:15:: - [igk_sys_g_handle_error] - /!\severity :8
message :Undefined variable: def
filename :D:\dev\2019\php\src\armonic\armonic.php
line :3155
request_uri :
query_string :

23-08-2019 18:56:59:: - [igk_sys_g_handle_error] - severity:2 Use of undefined constant ARMONIC_DATA_FILE - assumed 'ARMONIC_DATA_FILE' (this will throw an Error in a future version of PHP) D:\dev\2019\php\src\armonic\armonic.php:5237
23-08-2019 18:56:59:: - [igk_sys_g_handle_error] - severity:8 Undefined variable: def D:\dev\2019\php\src\armonic\armonic.php:3154
23-08-2019 18:56:59:: - [igk_sys_g_handle_error] - /!\severity :8
message :Undefined variable: def
filename :D:\dev\2019\php\src\armonic\armonic.php
line :3154
request_uri :
query_string :

23-08-2019 18:56:59:: - [igk_sys_g_handle_error] - severity:8 Undefined variable: def D:\dev\2019\php\src\armonic\armonic.php:3155
23-08-2019 18:56:59:: - [igk_sys_g_handle_error] - /!\severity :8
message :Undefined variable: def
filename :D:\dev\2019\php\src\armonic\armonic.php
line :3155
request_uri :
query_string :

23-08-2019 18:57:30:: - [igk_sys_g_handle_error] - severity:2 Use of undefined constant ARMONIC_DATA_FILE - assumed 'ARMONIC_DATA_FILE' (this will throw an Error in a future version of PHP) D:\dev\2019\php\src\armonic\armonic.php:5237
23-08-2019 18:57:30:: - [igk_sys_g_handle_error] - severity:8 Undefined variable: def D:\dev\2019\php\src\armonic\armonic.php:3154
23-08-2019 18:57:30:: - [igk_sys_g_handle_error] - /!\severity :8
message :Undefined variable: def
filename :D:\dev\2019\php\src\armonic\armonic.php
line :3154
request_uri :
query_string :

23-08-2019 18:57:30:: - [igk_sys_g_handle_error] - severity:8 Undefined variable: def D:\dev\2019\php\src\armonic\armonic.php:3155
23-08-2019 18:57:30:: - [igk_sys_g_handle_error] - /!\severity :8
message :Undefined variable: def
filename :D:\dev\2019\php\src\armonic\armonic.php
line :3155
request_uri :
query_string :

23-08-2019 18:58:16:: - [igk_sys_g_handle_error] - severity:2 Use of undefined constant ARMONIC_DATA_FILE - assumed 'ARMONIC_DATA_FILE' (this will throw an Error in a future version of PHP) D:\dev\2019\php\src\armonic\armonic.php:5237
23-08-2019 18:58:17:: - [igk_sys_g_handle_error] - severity:8 Undefined variable: def D:\dev\2019\php\src\armonic\armonic.php:3154
23-08-2019 18:58:17:: - [igk_sys_g_handle_error] - /!\severity :8
message :Undefined variable: def
filename :D:\dev\2019\php\src\armonic\armonic.php
line :3154
request_uri :
query_string :

23-08-2019 18:58:17:: - [igk_sys_g_handle_error] - severity:8 Undefined variable: def D:\dev\2019\php\src\armonic\armonic.php:3155
23-08-2019 18:58:17:: - [igk_sys_g_handle_error] - /!\severity :8
message :Undefined variable: def
filename :D:\dev\2019\php\src\armonic\armonic.php
line :3155
request_uri :
query_string :

23-08-2019 18:58:31:: - [igk_sys_g_handle_error] - severity:2 Use of undefined constant ARMONIC_DATA_FILE - assumed 'ARMONIC_DATA_FILE' (this will throw an Error in a future version of PHP) D:\dev\2019\php\src\armonic\armonic.php:5237
23-08-2019 18:58:31:: - [igk_sys_g_handle_error] - severity:8 Undefined variable: def D:\dev\2019\php\src\armonic\armonic.php:3154
23-08-2019 18:58:31:: - [igk_sys_g_handle_error] - /!\severity :8
message :Undefined variable: def
filename :D:\dev\2019\php\src\armonic\armonic.php
line :3154
request_uri :
query_string :

23-08-2019 18:58:31:: - [igk_sys_g_handle_error] - severity:8 Undefined variable: def D:\dev\2019\php\src\armonic\armonic.php:3155
23-08-2019 18:58:31:: - [igk_sys_g_handle_error] - /!\severity :8
message :Undefined variable: def
filename :D:\dev\2019\php\src\armonic\armonic.php
line :3155
request_uri :
query_string :

23-08-2019 18:58:58:: - [igk_sys_g_handle_error] - severity:2 Use of undefined constant ARMONIC_DATA_FILE - assumed 'ARMONIC_DATA_FILE' (this will throw an Error in a future version of PHP) D:\dev\2019\php\src\armonic\armonic.php:5237
23-08-2019 18:58:58:: - [igk_sys_g_handle_error] - severity:8 Undefined variable: def D:\dev\2019\php\src\armonic\armonic.php:3154
23-08-2019 18:58:58:: - [igk_sys_g_handle_error] - /!\severity :8
message :Undefined variable: def
filename :D:\dev\2019\php\src\armonic\armonic.php
line :3154
request_uri :
query_string :

23-08-2019 18:58:58:: - [igk_sys_g_handle_error] - severity:8 Undefined variable: def D:\dev\2019\php\src\armonic\armonic.php:3155
23-08-2019 18:58:58:: - [igk_sys_g_handle_error] - /!\severity :8
message :Undefined variable: def
filename :D:\dev\2019\php\src\armonic\armonic.php
line :3155
request_uri :
query_string :

23-08-2019 19:00:16:: - [igk_sys_g_handle_error] - severity:2 Use of undefined constant ARMONIC_DATA_FILE - assumed 'ARMONIC_DATA_FILE' (this will throw an Error in a future version of PHP) D:\dev\2019\php\src\armonic\armonic.php:5237
23-08-2019 19:00:17:: - [igk_sys_g_handle_error] - severity:8 Undefined variable: def D:\dev\2019\php\src\armonic\armonic.php:3154
23-08-2019 19:00:17:: - [igk_sys_g_handle_error] - /!\severity :8
message :Undefined variable: def
filename :D:\dev\2019\php\src\armonic\armonic.php
line :3154
request_uri :
query_string :

23-08-2019 19:00:17:: - [igk_sys_g_handle_error] - severity:8 Undefined variable: def D:\dev\2019\php\src\armonic\armonic.php:3155
23-08-2019 19:00:17:: - [igk_sys_g_handle_error] - /!\severity :8
message :Undefined variable: def
filename :D:\dev\2019\php\src\armonic\armonic.php
line :3155
request_uri :
query_string :

