10-02-2020 13:22:58:: - [igk_sys_g_handle_error] - :
severity: 8 Undefined property: stdClass::$staticMarkerOperator D:\Dev\php\armonic\armonic.php:828
10-02-2020 13:22:58:: - [igk_sys_g_handle_error] - /!\severity :8
message :Undefined property: stdClass::$staticMarkerOperator
filename :D:\Dev\php\armonic\armonic.php
line :828
request_uri :
query_string :

10-02-2020 13:22:58:: - [igk_sys_g_handle_error] - :
severity: 8 Undefined property: stdClass::$staticMarkerOperator D:\Dev\php\armonic\armonic.php:828
10-02-2020 13:22:58:: - [igk_sys_g_handle_error] - /!\severity :8
message :Undefined property: stdClass::$staticMarkerOperator
filename :D:\Dev\php\armonic\armonic.php
line :828
request_uri :
query_string :

10-02-2020 13:22:58:: - [igk_sys_g_handle_error] - :
severity: 8 Undefined property: stdClass::$staticMarkerOperator D:\Dev\php\armonic\armonic.php:828
10-02-2020 13:22:58:: - [igk_sys_g_handle_error] - /!\severity :8
message :Undefined property: stdClass::$staticMarkerOperator
filename :D:\Dev\php\armonic\armonic.php
line :828
request_uri :
query_string :

10-02-2020 13:22:58:: - [igk_sys_g_handle_error] - :
severity: 8 Undefined property: stdClass::$staticMarkerOperator D:\Dev\php\armonic\armonic.php:828
10-02-2020 13:22:58:: - [igk_sys_g_handle_error] - /!\severity :8
message :Undefined property: stdClass::$staticMarkerOperator
filename :D:\Dev\php\armonic\armonic.php
line :828
request_uri :
query_string :

10-02-2020 13:22:58:: - [igk_sys_g_handle_error] - :
severity: 8 Undefined property: stdClass::$staticMarkerOperator D:\Dev\php\armonic\armonic.php:828
10-02-2020 13:22:58:: - [igk_sys_g_handle_error] - /!\severity :8
message :Undefined property: stdClass::$staticMarkerOperator
filename :D:\Dev\php\armonic\armonic.php
line :828
request_uri :
query_string :

10-02-2020 13:22:58:: - [igk_sys_g_handle_error] - :
severity: 8 Undefined property: stdClass::$staticMarkerOperator D:\Dev\php\armonic\armonic.php:828
10-02-2020 13:22:58:: - [igk_sys_g_handle_error] - /!\severity :8
message :Undefined property: stdClass::$staticMarkerOperator
filename :D:\Dev\php\armonic\armonic.php
line :828
request_uri :
query_string :

10-02-2020 13:22:58:: - [igk_sys_g_handle_error] - :
severity: 8 Undefined property: stdClass::$staticMarkerOperator D:\Dev\php\armonic\armonic.php:828
10-02-2020 13:22:58:: - [igk_sys_g_handle_error] - /!\severity :8
message :Undefined property: stdClass::$staticMarkerOperator
filename :D:\Dev\php\armonic\armonic.php
line :828
request_uri :
query_string :

10-02-2020 13:22:58:: - [igk_sys_g_handle_error] - :
severity: 8 Undefined property: stdClass::$staticMarkerOperator D:\Dev\php\armonic\armonic.php:828
10-02-2020 13:22:58:: - [igk_sys_g_handle_error] - /!\severity :8
message :Undefined property: stdClass::$staticMarkerOperator
filename :D:\Dev\php\armonic\armonic.php
line :828
request_uri :
query_string :

10-02-2020 13:22:58:: - [igk_sys_g_handle_error] - :
severity: 8 Undefined property: stdClass::$staticMarkerOperator D:\Dev\php\armonic\armonic.php:828
10-02-2020 13:22:58:: - [igk_sys_g_handle_error] - /!\severity :8
message :Undefined property: stdClass::$staticMarkerOperator
filename :D:\Dev\php\armonic\armonic.php
line :828
request_uri :
query_string :

10-02-2020 13:24:34:: - [igk_sys_g_handle_error] - :
severity: 8 Undefined property: stdClass::$staticMarkerOperator D:\Dev\php\armonic\armonic.php:828
10-02-2020 13:24:34:: - [igk_sys_g_handle_error] - /!\severity :8
message :Undefined property: stdClass::$staticMarkerOperator
filename :D:\Dev\php\armonic\armonic.php
line :828
request_uri :
query_string :

10-02-2020 13:24:34:: - [igk_sys_g_handle_error] - :
severity: 8 Undefined property: stdClass::$staticMarkerOperator D:\Dev\php\armonic\armonic.php:828
10-02-2020 13:24:34:: - [igk_sys_g_handle_error] - /!\severity :8
message :Undefined property: stdClass::$staticMarkerOperator
filename :D:\Dev\php\armonic\armonic.php
line :828
request_uri :
query_string :

10-02-2020 13:24:34:: - [igk_sys_g_handle_error] - :
severity: 8 Undefined property: stdClass::$staticMarkerOperator D:\Dev\php\armonic\armonic.php:828
10-02-2020 13:24:34:: - [igk_sys_g_handle_error] - /!\severity :8
message :Undefined property: stdClass::$staticMarkerOperator
filename :D:\Dev\php\armonic\armonic.php
line :828
request_uri :
query_string :

10-02-2020 13:24:34:: - [igk_sys_g_handle_error] - :
severity: 8 Undefined property: stdClass::$staticMarkerOperator D:\Dev\php\armonic\armonic.php:828
10-02-2020 13:24:34:: - [igk_sys_g_handle_error] - /!\severity :8
message :Undefined property: stdClass::$staticMarkerOperator
filename :D:\Dev\php\armonic\armonic.php
line :828
request_uri :
query_string :

10-02-2020 13:24:34:: - [igk_sys_g_handle_error] - :
severity: 8 Undefined property: stdClass::$staticMarkerOperator D:\Dev\php\armonic\armonic.php:828
10-02-2020 13:24:34:: - [igk_sys_g_handle_error] - /!\severity :8
message :Undefined property: stdClass::$staticMarkerOperator
filename :D:\Dev\php\armonic\armonic.php
line :828
request_uri :
query_string :

10-02-2020 13:24:34:: - [igk_sys_g_handle_error] - :
severity: 8 Undefined property: stdClass::$staticMarkerOperator D:\Dev\php\armonic\armonic.php:828
10-02-2020 13:24:34:: - [igk_sys_g_handle_error] - /!\severity :8
message :Undefined property: stdClass::$staticMarkerOperator
filename :D:\Dev\php\armonic\armonic.php
line :828
request_uri :
query_string :

10-02-2020 13:24:34:: - [igk_sys_g_handle_error] - :
severity: 8 Undefined property: stdClass::$staticMarkerOperator D:\Dev\php\armonic\armonic.php:828
10-02-2020 13:24:34:: - [igk_sys_g_handle_error] - /!\severity :8
message :Undefined property: stdClass::$staticMarkerOperator
filename :D:\Dev\php\armonic\armonic.php
line :828
request_uri :
query_string :

10-02-2020 13:24:34:: - [igk_sys_g_handle_error] - :
severity: 8 Undefined property: stdClass::$staticMarkerOperator D:\Dev\php\armonic\armonic.php:828
10-02-2020 13:24:34:: - [igk_sys_g_handle_error] - /!\severity :8
message :Undefined property: stdClass::$staticMarkerOperator
filename :D:\Dev\php\armonic\armonic.php
line :828
request_uri :
query_string :

10-02-2020 13:24:34:: - [igk_sys_g_handle_error] - :
severity: 8 Undefined property: stdClass::$staticMarkerOperator D:\Dev\php\armonic\armonic.php:828
10-02-2020 13:24:34:: - [igk_sys_g_handle_error] - /!\severity :8
message :Undefined property: stdClass::$staticMarkerOperator
filename :D:\Dev\php\armonic\armonic.php
line :828
request_uri :
query_string :

10-02-2020 13:25:20:: - [igk_sys_g_handle_error] - :
severity: 8 Undefined property: stdClass::$staticMarkerOperator D:\Dev\php\armonic\armonic.php:828
10-02-2020 13:25:20:: - [igk_sys_g_handle_error] - /!\severity :8
message :Undefined property: stdClass::$staticMarkerOperator
filename :D:\Dev\php\armonic\armonic.php
line :828
request_uri :
query_string :

10-02-2020 13:25:20:: - [igk_sys_g_handle_error] - :
severity: 8 Undefined property: stdClass::$staticMarkerOperator D:\Dev\php\armonic\armonic.php:828
10-02-2020 13:25:20:: - [igk_sys_g_handle_error] - /!\severity :8
message :Undefined property: stdClass::$staticMarkerOperator
filename :D:\Dev\php\armonic\armonic.php
line :828
request_uri :
query_string :

10-02-2020 13:25:20:: - [igk_sys_g_handle_error] - :
severity: 8 Undefined property: stdClass::$staticMarkerOperator D:\Dev\php\armonic\armonic.php:828
10-02-2020 13:25:20:: - [igk_sys_g_handle_error] - /!\severity :8
message :Undefined property: stdClass::$staticMarkerOperator
filename :D:\Dev\php\armonic\armonic.php
line :828
request_uri :
query_string :

10-02-2020 13:25:20:: - [igk_sys_g_handle_error] - :
severity: 8 Undefined property: stdClass::$staticMarkerOperator D:\Dev\php\armonic\armonic.php:828
10-02-2020 13:25:20:: - [igk_sys_g_handle_error] - /!\severity :8
message :Undefined property: stdClass::$staticMarkerOperator
filename :D:\Dev\php\armonic\armonic.php
line :828
request_uri :
query_string :

10-02-2020 13:25:20:: - [igk_sys_g_handle_error] - :
severity: 8 Undefined property: stdClass::$staticMarkerOperator D:\Dev\php\armonic\armonic.php:828
10-02-2020 13:25:20:: - [igk_sys_g_handle_error] - /!\severity :8
message :Undefined property: stdClass::$staticMarkerOperator
filename :D:\Dev\php\armonic\armonic.php
line :828
request_uri :
query_string :

10-02-2020 13:25:20:: - [igk_sys_g_handle_error] - :
severity: 8 Undefined property: stdClass::$staticMarkerOperator D:\Dev\php\armonic\armonic.php:828
10-02-2020 13:25:20:: - [igk_sys_g_handle_error] - /!\severity :8
message :Undefined property: stdClass::$staticMarkerOperator
filename :D:\Dev\php\armonic\armonic.php
line :828
request_uri :
query_string :

10-02-2020 13:25:20:: - [igk_sys_g_handle_error] - :
severity: 8 Undefined property: stdClass::$staticMarkerOperator D:\Dev\php\armonic\armonic.php:828
10-02-2020 13:25:20:: - [igk_sys_g_handle_error] - /!\severity :8
message :Undefined property: stdClass::$staticMarkerOperator
filename :D:\Dev\php\armonic\armonic.php
line :828
request_uri :
query_string :

10-02-2020 13:25:20:: - [igk_sys_g_handle_error] - :
severity: 8 Undefined property: stdClass::$staticMarkerOperator D:\Dev\php\armonic\armonic.php:828
10-02-2020 13:25:20:: - [igk_sys_g_handle_error] - /!\severity :8
message :Undefined property: stdClass::$staticMarkerOperator
filename :D:\Dev\php\armonic\armonic.php
line :828
request_uri :
query_string :

10-02-2020 13:25:20:: - [igk_sys_g_handle_error] - :
severity: 8 Undefined property: stdClass::$staticMarkerOperator D:\Dev\php\armonic\armonic.php:828
10-02-2020 13:25:20:: - [igk_sys_g_handle_error] - /!\severity :8
message :Undefined property: stdClass::$staticMarkerOperator
filename :D:\Dev\php\armonic\armonic.php
line :828
request_uri :
query_string :

10-02-2020 13:26:58:: - [igk_sys_g_handle_error] - :
severity: 8 Undefined property: stdClass::$staticMarkerOperator D:\Dev\php\armonic\armonic.php:828
10-02-2020 13:26:58:: - [igk_sys_g_handle_error] - /!\severity :8
message :Undefined property: stdClass::$staticMarkerOperator
filename :D:\Dev\php\armonic\armonic.php
line :828
request_uri :
query_string :

10-02-2020 13:26:58:: - [igk_sys_g_handle_error] - :
severity: 8 Undefined property: stdClass::$staticMarkerOperator D:\Dev\php\armonic\armonic.php:837
10-02-2020 13:26:58:: - [igk_sys_g_handle_error] - /!\severity :8
message :Undefined property: stdClass::$staticMarkerOperator
filename :D:\Dev\php\armonic\armonic.php
line :837
request_uri :
query_string :

10-02-2020 13:26:58:: - [igk_sys_g_handle_error] - :
severity: 8 Undefined property: stdClass::$staticMarkerOperator D:\Dev\php\armonic\armonic.php:828
10-02-2020 13:26:58:: - [igk_sys_g_handle_error] - /!\severity :8
message :Undefined property: stdClass::$staticMarkerOperator
filename :D:\Dev\php\armonic\armonic.php
line :828
request_uri :
query_string :

10-02-2020 13:26:58:: - [igk_sys_g_handle_error] - :
severity: 8 Undefined property: stdClass::$staticMarkerOperator D:\Dev\php\armonic\armonic.php:837
10-02-2020 13:26:58:: - [igk_sys_g_handle_error] - /!\severity :8
message :Undefined property: stdClass::$staticMarkerOperator
filename :D:\Dev\php\armonic\armonic.php
line :837
request_uri :
query_string :

10-02-2020 13:26:58:: - [igk_sys_g_handle_error] - :
severity: 8 Undefined property: stdClass::$staticMarkerOperator D:\Dev\php\armonic\armonic.php:828
10-02-2020 13:26:58:: - [igk_sys_g_handle_error] - /!\severity :8
message :Undefined property: stdClass::$staticMarkerOperator
filename :D:\Dev\php\armonic\armonic.php
line :828
request_uri :
query_string :

10-02-2020 13:26:58:: - [igk_sys_g_handle_error] - :
severity: 8 Undefined property: stdClass::$staticMarkerOperator D:\Dev\php\armonic\armonic.php:837
10-02-2020 13:26:58:: - [igk_sys_g_handle_error] - /!\severity :8
message :Undefined property: stdClass::$staticMarkerOperator
filename :D:\Dev\php\armonic\armonic.php
line :837
request_uri :
query_string :

10-02-2020 13:26:58:: - [igk_sys_g_handle_error] - :
severity: 8 Undefined property: stdClass::$staticMarkerOperator D:\Dev\php\armonic\armonic.php:828
10-02-2020 13:26:58:: - [igk_sys_g_handle_error] - /!\severity :8
message :Undefined property: stdClass::$staticMarkerOperator
filename :D:\Dev\php\armonic\armonic.php
line :828
request_uri :
query_string :

10-02-2020 13:26:58:: - [igk_sys_g_handle_error] - :
severity: 8 Undefined property: stdClass::$staticMarkerOperator D:\Dev\php\armonic\armonic.php:837
10-02-2020 13:26:58:: - [igk_sys_g_handle_error] - /!\severity :8
message :Undefined property: stdClass::$staticMarkerOperator
filename :D:\Dev\php\armonic\armonic.php
line :837
request_uri :
query_string :

10-02-2020 13:26:58:: - [igk_sys_g_handle_error] - :
severity: 8 Undefined property: stdClass::$staticMarkerOperator D:\Dev\php\armonic\armonic.php:828
10-02-2020 13:26:58:: - [igk_sys_g_handle_error] - /!\severity :8
message :Undefined property: stdClass::$staticMarkerOperator
filename :D:\Dev\php\armonic\armonic.php
line :828
request_uri :
query_string :

10-02-2020 13:26:58:: - [igk_sys_g_handle_error] - :
severity: 8 Undefined property: stdClass::$staticMarkerOperator D:\Dev\php\armonic\armonic.php:837
10-02-2020 13:26:58:: - [igk_sys_g_handle_error] - /!\severity :8
message :Undefined property: stdClass::$staticMarkerOperator
filename :D:\Dev\php\armonic\armonic.php
line :837
request_uri :
query_string :

10-02-2020 13:26:58:: - [igk_sys_g_handle_error] - :
severity: 8 Undefined property: stdClass::$staticMarkerOperator D:\Dev\php\armonic\armonic.php:828
10-02-2020 13:26:58:: - [igk_sys_g_handle_error] - /!\severity :8
message :Undefined property: stdClass::$staticMarkerOperator
filename :D:\Dev\php\armonic\armonic.php
line :828
request_uri :
query_string :

10-02-2020 13:26:58:: - [igk_sys_g_handle_error] - :
severity: 8 Undefined property: stdClass::$staticMarkerOperator D:\Dev\php\armonic\armonic.php:837
10-02-2020 13:26:58:: - [igk_sys_g_handle_error] - /!\severity :8
message :Undefined property: stdClass::$staticMarkerOperator
filename :D:\Dev\php\armonic\armonic.php
line :837
request_uri :
query_string :

10-02-2020 13:26:58:: - [igk_sys_g_handle_error] - :
severity: 8 Undefined property: stdClass::$staticMarkerOperator D:\Dev\php\armonic\armonic.php:828
10-02-2020 13:26:58:: - [igk_sys_g_handle_error] - /!\severity :8
message :Undefined property: stdClass::$staticMarkerOperator
filename :D:\Dev\php\armonic\armonic.php
line :828
request_uri :
query_string :

10-02-2020 13:26:58:: - [igk_sys_g_handle_error] - :
severity: 8 Undefined property: stdClass::$staticMarkerOperator D:\Dev\php\armonic\armonic.php:837
10-02-2020 13:26:58:: - [igk_sys_g_handle_error] - /!\severity :8
message :Undefined property: stdClass::$staticMarkerOperator
filename :D:\Dev\php\armonic\armonic.php
line :837
request_uri :
query_string :

10-02-2020 13:26:58:: - [igk_sys_g_handle_error] - :
severity: 8 Undefined property: stdClass::$staticMarkerOperator D:\Dev\php\armonic\armonic.php:828
10-02-2020 13:26:58:: - [igk_sys_g_handle_error] - /!\severity :8
message :Undefined property: stdClass::$staticMarkerOperator
filename :D:\Dev\php\armonic\armonic.php
line :828
request_uri :
query_string :

10-02-2020 13:26:58:: - [igk_sys_g_handle_error] - :
severity: 8 Undefined property: stdClass::$staticMarkerOperator D:\Dev\php\armonic\armonic.php:837
10-02-2020 13:26:58:: - [igk_sys_g_handle_error] - /!\severity :8
message :Undefined property: stdClass::$staticMarkerOperator
filename :D:\Dev\php\armonic\armonic.php
line :837
request_uri :
query_string :

10-02-2020 13:26:58:: - [igk_sys_g_handle_error] - :
severity: 8 Undefined property: stdClass::$staticMarkerOperator D:\Dev\php\armonic\armonic.php:828
10-02-2020 13:26:58:: - [igk_sys_g_handle_error] - /!\severity :8
message :Undefined property: stdClass::$staticMarkerOperator
filename :D:\Dev\php\armonic\armonic.php
line :828
request_uri :
query_string :

10-02-2020 13:26:58:: - [igk_sys_g_handle_error] - :
severity: 8 Undefined property: stdClass::$staticMarkerOperator D:\Dev\php\armonic\armonic.php:837
10-02-2020 13:26:58:: - [igk_sys_g_handle_error] - /!\severity :8
message :Undefined property: stdClass::$staticMarkerOperator
filename :D:\Dev\php\armonic\armonic.php
line :837
request_uri :
query_string :

10-02-2020 13:29:34:: - [igk_sys_g_handle_error] - :
severity: 8 Undefined property: stdClass::$staticMarkerOperator D:\Dev\php\armonic\armonic.php:828
10-02-2020 13:29:34:: - [igk_sys_g_handle_error] - /!\severity :8
message :Undefined property: stdClass::$staticMarkerOperator
filename :D:\Dev\php\armonic\armonic.php
line :828
request_uri :
query_string :

10-02-2020 13:29:34:: - [igk_sys_g_handle_error] - :
severity: 8 Undefined property: stdClass::$staticMarkerOperator D:\Dev\php\armonic\armonic.php:837
10-02-2020 13:29:34:: - [igk_sys_g_handle_error] - /!\severity :8
message :Undefined property: stdClass::$staticMarkerOperator
filename :D:\Dev\php\armonic\armonic.php
line :837
request_uri :
query_string :

10-02-2020 13:29:34:: - [igk_sys_g_handle_error] - :
severity: 8 Undefined property: stdClass::$staticMarkerOperator D:\Dev\php\armonic\armonic.php:828
10-02-2020 13:29:34:: - [igk_sys_g_handle_error] - /!\severity :8
message :Undefined property: stdClass::$staticMarkerOperator
filename :D:\Dev\php\armonic\armonic.php
line :828
request_uri :
query_string :

10-02-2020 13:29:34:: - [igk_sys_g_handle_error] - :
severity: 8 Undefined property: stdClass::$staticMarkerOperator D:\Dev\php\armonic\armonic.php:837
10-02-2020 13:29:34:: - [igk_sys_g_handle_error] - /!\severity :8
message :Undefined property: stdClass::$staticMarkerOperator
filename :D:\Dev\php\armonic\armonic.php
line :837
request_uri :
query_string :

10-02-2020 13:29:34:: - [igk_sys_g_handle_error] - :
severity: 8 Undefined property: stdClass::$staticMarkerOperator D:\Dev\php\armonic\armonic.php:828
10-02-2020 13:29:34:: - [igk_sys_g_handle_error] - /!\severity :8
message :Undefined property: stdClass::$staticMarkerOperator
filename :D:\Dev\php\armonic\armonic.php
line :828
request_uri :
query_string :

10-02-2020 13:29:34:: - [igk_sys_g_handle_error] - :
severity: 8 Undefined property: stdClass::$staticMarkerOperator D:\Dev\php\armonic\armonic.php:837
10-02-2020 13:29:34:: - [igk_sys_g_handle_error] - /!\severity :8
message :Undefined property: stdClass::$staticMarkerOperator
filename :D:\Dev\php\armonic\armonic.php
line :837
request_uri :
query_string :

10-02-2020 13:29:34:: - [igk_sys_g_handle_error] - :
severity: 8 Undefined property: stdClass::$staticMarkerOperator D:\Dev\php\armonic\armonic.php:828
10-02-2020 13:29:34:: - [igk_sys_g_handle_error] - /!\severity :8
message :Undefined property: stdClass::$staticMarkerOperator
filename :D:\Dev\php\armonic\armonic.php
line :828
request_uri :
query_string :

10-02-2020 13:29:34:: - [igk_sys_g_handle_error] - :
severity: 8 Undefined property: stdClass::$staticMarkerOperator D:\Dev\php\armonic\armonic.php:837
10-02-2020 13:29:34:: - [igk_sys_g_handle_error] - /!\severity :8
message :Undefined property: stdClass::$staticMarkerOperator
filename :D:\Dev\php\armonic\armonic.php
line :837
request_uri :
query_string :

10-02-2020 13:29:34:: - [igk_sys_g_handle_error] - :
severity: 8 Undefined property: stdClass::$staticMarkerOperator D:\Dev\php\armonic\armonic.php:828
10-02-2020 13:29:34:: - [igk_sys_g_handle_error] - /!\severity :8
message :Undefined property: stdClass::$staticMarkerOperator
filename :D:\Dev\php\armonic\armonic.php
line :828
request_uri :
query_string :

10-02-2020 13:29:34:: - [igk_sys_g_handle_error] - :
severity: 8 Undefined property: stdClass::$staticMarkerOperator D:\Dev\php\armonic\armonic.php:837
10-02-2020 13:29:34:: - [igk_sys_g_handle_error] - /!\severity :8
message :Undefined property: stdClass::$staticMarkerOperator
filename :D:\Dev\php\armonic\armonic.php
line :837
request_uri :
query_string :

10-02-2020 13:29:34:: - [igk_sys_g_handle_error] - :
severity: 2 Cannot modify header information - headers already sent by (output started at D:\wwwroot\igkdev\Lib\igk\igk_core.php:160) D:\wwwroot\igkdev\Lib\igk\igk_framework.php:7163
10-02-2020 13:29:34:: - [igk_sys_shutdown_function] - Array(4):[
type:1
message:Uncaught Exception: ok in D:\wwwroot\igkdev\Lib\igk\igk_framework.php:7164
Stack trace:
#0 D:\Dev\php\armonic\armonic.php(841): igk_die('ok')
#1 D:\Dev\php\armonic\armonic.php(1820): igk_treat_append(Object(stdClass), 'IGKApp::', 0)
#2 D:\Dev\php\armonic\armonic.php(1323): {closure}('\tIGKApp::$DEBUG...', 7, 9, Object(stdClass))
#3 D:\Dev\php\armonic\armonic.php(4714): igk_treat_source(Array, Object(Closure), Array, Object(stdClass))
#4 D:\Dev\php\armonic\armonic.php(4984): igk_treat_filecommand(Object(stdClass))
#5 D:\Dev\php\armonic\armonic.php(4502): {closure}(Object(stdClass))
#6 D:\Dev\php\armonic\armonic.php(5514): igk_treat_execute_command(Object(stdClass))
#7 {main}
  thrown
file:D:\wwwroot\igkdev\Lib\igk\igk_framework.php
line:7164
]
10-02-2020 13:29:34:: - [igk_sys_g_handle_error] - :
severity: 2 session_destroy(): Trying to destroy uninitialized session D:\wwwroot\igkdev\Lib\igk\igk_framework.php:20555
10-02-2020 13:32:00:: - [igk_sys_g_handle_error] - :
severity: 8 Undefined property: stdClass::$staticMarkerOperator D:\Dev\php\armonic\armonic.php:828
10-02-2020 13:32:00:: - [igk_sys_g_handle_error] - /!\severity :8
message :Undefined property: stdClass::$staticMarkerOperator
filename :D:\Dev\php\armonic\armonic.php
line :828
request_uri :
query_string :

10-02-2020 13:32:00:: - [igk_sys_g_handle_error] - :
severity: 8 Undefined property: stdClass::$staticMarkerOperator D:\Dev\php\armonic\armonic.php:837
10-02-2020 13:32:00:: - [igk_sys_g_handle_error] - /!\severity :8
message :Undefined property: stdClass::$staticMarkerOperator
filename :D:\Dev\php\armonic\armonic.php
line :837
request_uri :
query_string :

10-02-2020 13:32:00:: - [igk_sys_g_handle_error] - :
severity: 8 Undefined property: stdClass::$staticMarkerOperator D:\Dev\php\armonic\armonic.php:828
10-02-2020 13:32:00:: - [igk_sys_g_handle_error] - /!\severity :8
message :Undefined property: stdClass::$staticMarkerOperator
filename :D:\Dev\php\armonic\armonic.php
line :828
request_uri :
query_string :

10-02-2020 13:32:00:: - [igk_sys_g_handle_error] - :
severity: 8 Undefined property: stdClass::$staticMarkerOperator D:\Dev\php\armonic\armonic.php:837
10-02-2020 13:32:00:: - [igk_sys_g_handle_error] - /!\severity :8
message :Undefined property: stdClass::$staticMarkerOperator
filename :D:\Dev\php\armonic\armonic.php
line :837
request_uri :
query_string :

10-02-2020 13:32:00:: - [igk_sys_g_handle_error] - :
severity: 8 Undefined property: stdClass::$staticMarkerOperator D:\Dev\php\armonic\armonic.php:828
10-02-2020 13:32:00:: - [igk_sys_g_handle_error] - /!\severity :8
message :Undefined property: stdClass::$staticMarkerOperator
filename :D:\Dev\php\armonic\armonic.php
line :828
request_uri :
query_string :

10-02-2020 13:32:00:: - [igk_sys_g_handle_error] - :
severity: 8 Undefined property: stdClass::$staticMarkerOperator D:\Dev\php\armonic\armonic.php:837
10-02-2020 13:32:00:: - [igk_sys_g_handle_error] - /!\severity :8
message :Undefined property: stdClass::$staticMarkerOperator
filename :D:\Dev\php\armonic\armonic.php
line :837
request_uri :
query_string :

10-02-2020 13:32:00:: - [igk_sys_g_handle_error] - :
severity: 8 Undefined property: stdClass::$staticMarkerOperator D:\Dev\php\armonic\armonic.php:828
10-02-2020 13:32:00:: - [igk_sys_g_handle_error] - /!\severity :8
message :Undefined property: stdClass::$staticMarkerOperator
filename :D:\Dev\php\armonic\armonic.php
line :828
request_uri :
query_string :

10-02-2020 13:32:00:: - [igk_sys_g_handle_error] - :
severity: 8 Undefined property: stdClass::$staticMarkerOperator D:\Dev\php\armonic\armonic.php:837
10-02-2020 13:32:00:: - [igk_sys_g_handle_error] - /!\severity :8
message :Undefined property: stdClass::$staticMarkerOperator
filename :D:\Dev\php\armonic\armonic.php
line :837
request_uri :
query_string :

10-02-2020 13:32:00:: - [igk_sys_g_handle_error] - :
severity: 8 Undefined property: stdClass::$staticMarkerOperator D:\Dev\php\armonic\armonic.php:828
10-02-2020 13:32:00:: - [igk_sys_g_handle_error] - /!\severity :8
message :Undefined property: stdClass::$staticMarkerOperator
filename :D:\Dev\php\armonic\armonic.php
line :828
request_uri :
query_string :

10-02-2020 13:32:00:: - [igk_sys_g_handle_error] - :
severity: 8 Undefined property: stdClass::$staticMarkerOperator D:\Dev\php\armonic\armonic.php:837
10-02-2020 13:32:00:: - [igk_sys_g_handle_error] - /!\severity :8
message :Undefined property: stdClass::$staticMarkerOperator
filename :D:\Dev\php\armonic\armonic.php
line :837
request_uri :
query_string :

10-02-2020 13:33:08:: - [igk_sys_g_handle_error] - :
severity: 8 Undefined property: stdClass::$staticMarkerOperator D:\Dev\php\armonic\armonic.php:828
10-02-2020 13:33:08:: - [igk_sys_g_handle_error] - /!\severity :8
message :Undefined property: stdClass::$staticMarkerOperator
filename :D:\Dev\php\armonic\armonic.php
line :828
request_uri :
query_string :

10-02-2020 13:33:08:: - [igk_sys_g_handle_error] - :
severity: 8 Undefined property: stdClass::$staticMarkerOperator D:\Dev\php\armonic\armonic.php:837
10-02-2020 13:33:08:: - [igk_sys_g_handle_error] - /!\severity :8
message :Undefined property: stdClass::$staticMarkerOperator
filename :D:\Dev\php\armonic\armonic.php
line :837
request_uri :
query_string :

10-02-2020 13:33:08:: - [igk_sys_g_handle_error] - :
severity: 8 Undefined property: stdClass::$staticMarkerOperator D:\Dev\php\armonic\armonic.php:828
10-02-2020 13:33:08:: - [igk_sys_g_handle_error] - /!\severity :8
message :Undefined property: stdClass::$staticMarkerOperator
filename :D:\Dev\php\armonic\armonic.php
line :828
request_uri :
query_string :

10-02-2020 13:33:08:: - [igk_sys_g_handle_error] - :
severity: 8 Undefined property: stdClass::$staticMarkerOperator D:\Dev\php\armonic\armonic.php:837
10-02-2020 13:33:08:: - [igk_sys_g_handle_error] - /!\severity :8
message :Undefined property: stdClass::$staticMarkerOperator
filename :D:\Dev\php\armonic\armonic.php
line :837
request_uri :
query_string :

10-02-2020 13:33:08:: - [igk_sys_g_handle_error] - :
severity: 8 Undefined property: stdClass::$staticMarkerOperator D:\Dev\php\armonic\armonic.php:828
10-02-2020 13:33:08:: - [igk_sys_g_handle_error] - /!\severity :8
message :Undefined property: stdClass::$staticMarkerOperator
filename :D:\Dev\php\armonic\armonic.php
line :828
request_uri :
query_string :

10-02-2020 13:33:08:: - [igk_sys_g_handle_error] - :
severity: 8 Undefined property: stdClass::$staticMarkerOperator D:\Dev\php\armonic\armonic.php:837
10-02-2020 13:33:08:: - [igk_sys_g_handle_error] - /!\severity :8
message :Undefined property: stdClass::$staticMarkerOperator
filename :D:\Dev\php\armonic\armonic.php
line :837
request_uri :
query_string :

10-02-2020 13:33:08:: - [igk_sys_g_handle_error] - :
severity: 8 Undefined property: stdClass::$staticMarkerOperator D:\Dev\php\armonic\armonic.php:828
10-02-2020 13:33:08:: - [igk_sys_g_handle_error] - /!\severity :8
message :Undefined property: stdClass::$staticMarkerOperator
filename :D:\Dev\php\armonic\armonic.php
line :828
request_uri :
query_string :

10-02-2020 13:33:08:: - [igk_sys_g_handle_error] - :
severity: 8 Undefined property: stdClass::$staticMarkerOperator D:\Dev\php\armonic\armonic.php:837
10-02-2020 13:33:08:: - [igk_sys_g_handle_error] - /!\severity :8
message :Undefined property: stdClass::$staticMarkerOperator
filename :D:\Dev\php\armonic\armonic.php
line :837
request_uri :
query_string :

10-02-2020 13:33:08:: - [igk_sys_g_handle_error] - :
severity: 8 Undefined property: stdClass::$staticMarkerOperator D:\Dev\php\armonic\armonic.php:828
10-02-2020 13:33:08:: - [igk_sys_g_handle_error] - /!\severity :8
message :Undefined property: stdClass::$staticMarkerOperator
filename :D:\Dev\php\armonic\armonic.php
line :828
request_uri :
query_string :

10-02-2020 13:33:08:: - [igk_sys_g_handle_error] - :
severity: 8 Undefined property: stdClass::$staticMarkerOperator D:\Dev\php\armonic\armonic.php:837
10-02-2020 13:33:08:: - [igk_sys_g_handle_error] - /!\severity :8
message :Undefined property: stdClass::$staticMarkerOperator
filename :D:\Dev\php\armonic\armonic.php
line :837
request_uri :
query_string :

10-02-2020 13:33:08:: - [igk_sys_g_handle_error] - :
severity: 2 Cannot modify header information - headers already sent by (output started at D:\wwwroot\igkdev\Lib\igk\igk_core.php:160) D:\wwwroot\igkdev\Lib\igk\igk_framework.php:7163
10-02-2020 13:33:08:: - [igk_sys_shutdown_function] - Array(4):[
type:1
message:Uncaught Exception: ok in D:\wwwroot\igkdev\Lib\igk\igk_framework.php:7164
Stack trace:
#0 D:\Dev\php\armonic\armonic.php(841): igk_die('ok')
#1 D:\Dev\php\armonic\armonic.php(1821): igk_treat_append(Object(stdClass), 'IGKApp::', 0)
#2 D:\Dev\php\armonic\armonic.php(1323): {closure}('\tIGKApp::$DEBUG...', 7, 9, Object(stdClass))
#3 D:\Dev\php\armonic\armonic.php(4716): igk_treat_source(Array, Object(Closure), Array, Object(stdClass))
#4 D:\Dev\php\armonic\armonic.php(4986): igk_treat_filecommand(Object(stdClass))
#5 D:\Dev\php\armonic\armonic.php(4504): {closure}(Object(stdClass))
#6 D:\Dev\php\armonic\armonic.php(5516): igk_treat_execute_command(Object(stdClass))
#7 {main}
  thrown
file:D:\wwwroot\igkdev\Lib\igk\igk_framework.php
line:7164
]
10-02-2020 13:33:08:: - [igk_sys_g_handle_error] - :
severity: 2 session_destroy(): Trying to destroy uninitialized session D:\wwwroot\igkdev\Lib\igk\igk_framework.php:20555
10-02-2020 13:34:43:: - [igk_sys_g_handle_error] - :
severity: 8 Undefined property: stdClass::$staticMarkerOperator D:\Dev\php\armonic\armonic.php:828
10-02-2020 13:34:43:: - [igk_sys_g_handle_error] - /!\severity :8
message :Undefined property: stdClass::$staticMarkerOperator
filename :D:\Dev\php\armonic\armonic.php
line :828
request_uri :
query_string :

10-02-2020 13:34:43:: - [igk_sys_g_handle_error] - :
severity: 8 Undefined property: stdClass::$staticMarkerOperator D:\Dev\php\armonic\armonic.php:837
10-02-2020 13:34:43:: - [igk_sys_g_handle_error] - /!\severity :8
message :Undefined property: stdClass::$staticMarkerOperator
filename :D:\Dev\php\armonic\armonic.php
line :837
request_uri :
query_string :

10-02-2020 13:34:43:: - [igk_sys_g_handle_error] - :
severity: 8 Undefined property: stdClass::$staticMarkerOperator D:\Dev\php\armonic\armonic.php:828
10-02-2020 13:34:43:: - [igk_sys_g_handle_error] - /!\severity :8
message :Undefined property: stdClass::$staticMarkerOperator
filename :D:\Dev\php\armonic\armonic.php
line :828
request_uri :
query_string :

10-02-2020 13:34:43:: - [igk_sys_g_handle_error] - :
severity: 8 Undefined property: stdClass::$staticMarkerOperator D:\Dev\php\armonic\armonic.php:837
10-02-2020 13:34:43:: - [igk_sys_g_handle_error] - /!\severity :8
message :Undefined property: stdClass::$staticMarkerOperator
filename :D:\Dev\php\armonic\armonic.php
line :837
request_uri :
query_string :

10-02-2020 13:34:43:: - [igk_sys_g_handle_error] - :
severity: 8 Undefined property: stdClass::$staticMarkerOperator D:\Dev\php\armonic\armonic.php:828
10-02-2020 13:34:43:: - [igk_sys_g_handle_error] - /!\severity :8
message :Undefined property: stdClass::$staticMarkerOperator
filename :D:\Dev\php\armonic\armonic.php
line :828
request_uri :
query_string :

10-02-2020 13:34:43:: - [igk_sys_g_handle_error] - :
severity: 8 Undefined property: stdClass::$staticMarkerOperator D:\Dev\php\armonic\armonic.php:837
10-02-2020 13:34:43:: - [igk_sys_g_handle_error] - /!\severity :8
message :Undefined property: stdClass::$staticMarkerOperator
filename :D:\Dev\php\armonic\armonic.php
line :837
request_uri :
query_string :

10-02-2020 13:34:43:: - [igk_sys_g_handle_error] - :
severity: 8 Undefined property: stdClass::$staticMarkerOperator D:\Dev\php\armonic\armonic.php:828
10-02-2020 13:34:43:: - [igk_sys_g_handle_error] - /!\severity :8
message :Undefined property: stdClass::$staticMarkerOperator
filename :D:\Dev\php\armonic\armonic.php
line :828
request_uri :
query_string :

10-02-2020 13:34:43:: - [igk_sys_g_handle_error] - :
severity: 8 Undefined property: stdClass::$staticMarkerOperator D:\Dev\php\armonic\armonic.php:837
10-02-2020 13:34:43:: - [igk_sys_g_handle_error] - /!\severity :8
message :Undefined property: stdClass::$staticMarkerOperator
filename :D:\Dev\php\armonic\armonic.php
line :837
request_uri :
query_string :

10-02-2020 13:34:43:: - [igk_sys_g_handle_error] - :
severity: 8 Undefined property: stdClass::$staticMarkerOperator D:\Dev\php\armonic\armonic.php:828
10-02-2020 13:34:43:: - [igk_sys_g_handle_error] - /!\severity :8
message :Undefined property: stdClass::$staticMarkerOperator
filename :D:\Dev\php\armonic\armonic.php
line :828
request_uri :
query_string :

10-02-2020 13:34:43:: - [igk_sys_g_handle_error] - :
severity: 8 Undefined property: stdClass::$staticMarkerOperator D:\Dev\php\armonic\armonic.php:837
10-02-2020 13:34:43:: - [igk_sys_g_handle_error] - /!\severity :8
message :Undefined property: stdClass::$staticMarkerOperator
filename :D:\Dev\php\armonic\armonic.php
line :837
request_uri :
query_string :

10-02-2020 13:34:43:: - [igk_sys_g_handle_error] - :
severity: 8 Undefined property: stdClass::$staticMarkerOperator D:\Dev\php\armonic\armonic.php:828
10-02-2020 13:34:43:: - [igk_sys_g_handle_error] - /!\severity :8
message :Undefined property: stdClass::$staticMarkerOperator
filename :D:\Dev\php\armonic\armonic.php
line :828
request_uri :
query_string :

10-02-2020 13:34:43:: - [igk_sys_g_handle_error] - :
severity: 8 Undefined property: stdClass::$staticMarkerOperator D:\Dev\php\armonic\armonic.php:837
10-02-2020 13:34:43:: - [igk_sys_g_handle_error] - /!\severity :8
message :Undefined property: stdClass::$staticMarkerOperator
filename :D:\Dev\php\armonic\armonic.php
line :837
request_uri :
query_string :

10-02-2020 13:34:43:: - [igk_sys_g_handle_error] - :
severity: 8 Undefined property: stdClass::$staticMarkerOperator D:\Dev\php\armonic\armonic.php:828
10-02-2020 13:34:43:: - [igk_sys_g_handle_error] - /!\severity :8
message :Undefined property: stdClass::$staticMarkerOperator
filename :D:\Dev\php\armonic\armonic.php
line :828
request_uri :
query_string :

10-02-2020 13:34:43:: - [igk_sys_g_handle_error] - :
severity: 8 Undefined property: stdClass::$staticMarkerOperator D:\Dev\php\armonic\armonic.php:837
10-02-2020 13:34:43:: - [igk_sys_g_handle_error] - /!\severity :8
message :Undefined property: stdClass::$staticMarkerOperator
filename :D:\Dev\php\armonic\armonic.php
line :837
request_uri :
query_string :

10-02-2020 13:34:43:: - [igk_sys_g_handle_error] - :
severity: 2 Cannot modify header information - headers already sent by (output started at D:\wwwroot\igkdev\Lib\igk\igk_core.php:160) D:\wwwroot\igkdev\Lib\igk\igk_framework.php:7163
10-02-2020 13:34:43:: - [igk_sys_shutdown_function] - Array(4):[
type:1
message:Uncaught Exception: ok in D:\wwwroot\igkdev\Lib\igk\igk_framework.php:7164
Stack trace:
#0 D:\Dev\php\armonic\armonic.php(841): igk_die('ok')
#1 D:\Dev\php\armonic\armonic.php(1821): igk_treat_append(Object(stdClass), '$DEBUG=', 0)
#2 D:\Dev\php\armonic\armonic.php(1323): {closure}('$DEBUG = 1;', 6, 9, Object(stdClass))
#3 D:\Dev\php\armonic\armonic.php(4716): igk_treat_source(Array, Object(Closure), Array, Object(stdClass))
#4 D:\Dev\php\armonic\armonic.php(4986): igk_treat_filecommand(Object(stdClass))
#5 D:\Dev\php\armonic\armonic.php(4504): {closure}(Object(stdClass))
#6 D:\Dev\php\armonic\armonic.php(5516): igk_treat_execute_command(Object(stdClass))
#7 {main}
  thrown
file:D:\wwwroot\igkdev\Lib\igk\igk_framework.php
line:7164
]
10-02-2020 13:34:43:: - [igk_sys_g_handle_error] - :
severity: 2 session_destroy(): Trying to destroy uninitialized session D:\wwwroot\igkdev\Lib\igk\igk_framework.php:20555
10-02-2020 13:36:32:: - [igk_sys_g_handle_error] - :
severity: 8 Undefined property: stdClass::$staticMarkerOperator D:\Dev\php\armonic\armonic.php:828
10-02-2020 13:36:32:: - [igk_sys_g_handle_error] - /!\severity :8
message :Undefined property: stdClass::$staticMarkerOperator
filename :D:\Dev\php\armonic\armonic.php
line :828
request_uri :
query_string :

10-02-2020 13:36:32:: - [igk_sys_g_handle_error] - :
severity: 8 Undefined property: stdClass::$staticMarkerOperator D:\Dev\php\armonic\armonic.php:837
10-02-2020 13:36:32:: - [igk_sys_g_handle_error] - /!\severity :8
message :Undefined property: stdClass::$staticMarkerOperator
filename :D:\Dev\php\armonic\armonic.php
line :837
request_uri :
query_string :

10-02-2020 13:36:32:: - [igk_sys_g_handle_error] - :
severity: 8 Undefined property: stdClass::$staticMarkerOperator D:\Dev\php\armonic\armonic.php:828
10-02-2020 13:36:32:: - [igk_sys_g_handle_error] - /!\severity :8
message :Undefined property: stdClass::$staticMarkerOperator
filename :D:\Dev\php\armonic\armonic.php
line :828
request_uri :
query_string :

10-02-2020 13:36:32:: - [igk_sys_g_handle_error] - :
severity: 8 Undefined property: stdClass::$staticMarkerOperator D:\Dev\php\armonic\armonic.php:837
10-02-2020 13:36:32:: - [igk_sys_g_handle_error] - /!\severity :8
message :Undefined property: stdClass::$staticMarkerOperator
filename :D:\Dev\php\armonic\armonic.php
line :837
request_uri :
query_string :

10-02-2020 13:36:32:: - [igk_sys_g_handle_error] - :
severity: 8 Undefined property: stdClass::$staticMarkerOperator D:\Dev\php\armonic\armonic.php:828
10-02-2020 13:36:32:: - [igk_sys_g_handle_error] - /!\severity :8
message :Undefined property: stdClass::$staticMarkerOperator
filename :D:\Dev\php\armonic\armonic.php
line :828
request_uri :
query_string :

10-02-2020 13:36:32:: - [igk_sys_g_handle_error] - :
severity: 8 Undefined property: stdClass::$staticMarkerOperator D:\Dev\php\armonic\armonic.php:837
10-02-2020 13:36:32:: - [igk_sys_g_handle_error] - /!\severity :8
message :Undefined property: stdClass::$staticMarkerOperator
filename :D:\Dev\php\armonic\armonic.php
line :837
request_uri :
query_string :

10-02-2020 13:36:32:: - [igk_sys_g_handle_error] - :
severity: 8 Undefined property: stdClass::$staticMarkerOperator D:\Dev\php\armonic\armonic.php:828
10-02-2020 13:36:32:: - [igk_sys_g_handle_error] - /!\severity :8
message :Undefined property: stdClass::$staticMarkerOperator
filename :D:\Dev\php\armonic\armonic.php
line :828
request_uri :
query_string :

10-02-2020 13:36:32:: - [igk_sys_g_handle_error] - :
severity: 8 Undefined property: stdClass::$staticMarkerOperator D:\Dev\php\armonic\armonic.php:837
10-02-2020 13:36:32:: - [igk_sys_g_handle_error] - /!\severity :8
message :Undefined property: stdClass::$staticMarkerOperator
filename :D:\Dev\php\armonic\armonic.php
line :837
request_uri :
query_string :

10-02-2020 13:36:32:: - [igk_sys_g_handle_error] - :
severity: 8 Undefined property: stdClass::$staticMarkerOperator D:\Dev\php\armonic\armonic.php:828
10-02-2020 13:36:32:: - [igk_sys_g_handle_error] - /!\severity :8
message :Undefined property: stdClass::$staticMarkerOperator
filename :D:\Dev\php\armonic\armonic.php
line :828
request_uri :
query_string :

10-02-2020 13:36:32:: - [igk_sys_g_handle_error] - :
severity: 8 Undefined property: stdClass::$staticMarkerOperator D:\Dev\php\armonic\armonic.php:837
10-02-2020 13:36:32:: - [igk_sys_g_handle_error] - /!\severity :8
message :Undefined property: stdClass::$staticMarkerOperator
filename :D:\Dev\php\armonic\armonic.php
line :837
request_uri :
query_string :

10-02-2020 13:36:32:: - [igk_sys_g_handle_error] - :
severity: 8 Undefined property: stdClass::$staticMarkerOperator D:\Dev\php\armonic\armonic.php:828
10-02-2020 13:36:32:: - [igk_sys_g_handle_error] - /!\severity :8
message :Undefined property: stdClass::$staticMarkerOperator
filename :D:\Dev\php\armonic\armonic.php
line :828
request_uri :
query_string :

10-02-2020 13:36:32:: - [igk_sys_g_handle_error] - :
severity: 8 Undefined property: stdClass::$staticMarkerOperator D:\Dev\php\armonic\armonic.php:837
10-02-2020 13:36:32:: - [igk_sys_g_handle_error] - /!\severity :8
message :Undefined property: stdClass::$staticMarkerOperator
filename :D:\Dev\php\armonic\armonic.php
line :837
request_uri :
query_string :

10-02-2020 13:36:56:: - [igk_sys_g_handle_error] - :
severity: 8 Undefined property: stdClass::$staticMarkerOperator D:\Dev\php\armonic\armonic.php:828
10-02-2020 13:36:56:: - [igk_sys_g_handle_error] - /!\severity :8
message :Undefined property: stdClass::$staticMarkerOperator
filename :D:\Dev\php\armonic\armonic.php
line :828
request_uri :
query_string :

10-02-2020 13:36:56:: - [igk_sys_g_handle_error] - :
severity: 8 Undefined property: stdClass::$staticMarkerOperator D:\Dev\php\armonic\armonic.php:837
10-02-2020 13:36:56:: - [igk_sys_g_handle_error] - /!\severity :8
message :Undefined property: stdClass::$staticMarkerOperator
filename :D:\Dev\php\armonic\armonic.php
line :837
request_uri :
query_string :

10-02-2020 13:36:56:: - [igk_sys_g_handle_error] - :
severity: 8 Undefined property: stdClass::$staticMarkerOperator D:\Dev\php\armonic\armonic.php:828
10-02-2020 13:36:56:: - [igk_sys_g_handle_error] - /!\severity :8
message :Undefined property: stdClass::$staticMarkerOperator
filename :D:\Dev\php\armonic\armonic.php
line :828
request_uri :
query_string :

10-02-2020 13:36:56:: - [igk_sys_g_handle_error] - :
severity: 8 Undefined property: stdClass::$staticMarkerOperator D:\Dev\php\armonic\armonic.php:837
10-02-2020 13:36:56:: - [igk_sys_g_handle_error] - /!\severity :8
message :Undefined property: stdClass::$staticMarkerOperator
filename :D:\Dev\php\armonic\armonic.php
line :837
request_uri :
query_string :

10-02-2020 13:36:56:: - [igk_sys_g_handle_error] - :
severity: 8 Undefined property: stdClass::$staticMarkerOperator D:\Dev\php\armonic\armonic.php:828
10-02-2020 13:36:56:: - [igk_sys_g_handle_error] - /!\severity :8
message :Undefined property: stdClass::$staticMarkerOperator
filename :D:\Dev\php\armonic\armonic.php
line :828
request_uri :
query_string :

10-02-2020 13:36:56:: - [igk_sys_g_handle_error] - :
severity: 8 Undefined property: stdClass::$staticMarkerOperator D:\Dev\php\armonic\armonic.php:837
10-02-2020 13:36:56:: - [igk_sys_g_handle_error] - /!\severity :8
message :Undefined property: stdClass::$staticMarkerOperator
filename :D:\Dev\php\armonic\armonic.php
line :837
request_uri :
query_string :

10-02-2020 13:36:56:: - [igk_sys_g_handle_error] - :
severity: 8 Undefined property: stdClass::$staticMarkerOperator D:\Dev\php\armonic\armonic.php:828
10-02-2020 13:36:56:: - [igk_sys_g_handle_error] - /!\severity :8
message :Undefined property: stdClass::$staticMarkerOperator
filename :D:\Dev\php\armonic\armonic.php
line :828
request_uri :
query_string :

10-02-2020 13:36:56:: - [igk_sys_g_handle_error] - :
severity: 8 Undefined property: stdClass::$staticMarkerOperator D:\Dev\php\armonic\armonic.php:837
10-02-2020 13:36:56:: - [igk_sys_g_handle_error] - /!\severity :8
message :Undefined property: stdClass::$staticMarkerOperator
filename :D:\Dev\php\armonic\armonic.php
line :837
request_uri :
query_string :

10-02-2020 13:36:56:: - [igk_sys_g_handle_error] - :
severity: 8 Undefined property: stdClass::$staticMarkerOperator D:\Dev\php\armonic\armonic.php:828
10-02-2020 13:36:56:: - [igk_sys_g_handle_error] - /!\severity :8
message :Undefined property: stdClass::$staticMarkerOperator
filename :D:\Dev\php\armonic\armonic.php
line :828
request_uri :
query_string :

10-02-2020 13:36:56:: - [igk_sys_g_handle_error] - :
severity: 8 Undefined property: stdClass::$staticMarkerOperator D:\Dev\php\armonic\armonic.php:837
10-02-2020 13:36:56:: - [igk_sys_g_handle_error] - /!\severity :8
message :Undefined property: stdClass::$staticMarkerOperator
filename :D:\Dev\php\armonic\armonic.php
line :837
request_uri :
query_string :

10-02-2020 13:36:56:: - [igk_sys_g_handle_error] - :
severity: 8 Undefined property: stdClass::$staticMarkerOperator D:\Dev\php\armonic\armonic.php:828
10-02-2020 13:36:56:: - [igk_sys_g_handle_error] - /!\severity :8
message :Undefined property: stdClass::$staticMarkerOperator
filename :D:\Dev\php\armonic\armonic.php
line :828
request_uri :
query_string :

10-02-2020 13:36:56:: - [igk_sys_g_handle_error] - :
severity: 8 Undefined property: stdClass::$staticMarkerOperator D:\Dev\php\armonic\armonic.php:837
10-02-2020 13:36:56:: - [igk_sys_g_handle_error] - /!\severity :8
message :Undefined property: stdClass::$staticMarkerOperator
filename :D:\Dev\php\armonic\armonic.php
line :837
request_uri :
query_string :

10-02-2020 13:36:56:: - [igk_sys_g_handle_error] - :
severity: 2 Cannot modify header information - headers already sent by (output started at D:\wwwroot\igkdev\Lib\igk\igk_core.php:160) D:\wwwroot\igkdev\Lib\igk\igk_framework.php:7163
10-02-2020 13:36:56:: - [igk_sys_shutdown_function] - Array(4):[
type:1
message:Uncaught Exception: text is empty in D:\wwwroot\igkdev\Lib\igk\igk_framework.php:7164
Stack trace:
#0 D:\Dev\php\armonic\armonic.php(843): igk_die('text is empty')
#1 D:\Dev\php\armonic\armonic.php(1767): igk_treat_append(Object(stdClass), '', 1)
#2 D:\Dev\php\armonic\armonic.php(1327): {closure}('$DEBUG = 1;', 6, 9, Object(stdClass))
#3 D:\Dev\php\armonic\armonic.php(4720): igk_treat_source(Array, Object(Closure), Array, Object(stdClass))
#4 D:\Dev\php\armonic\armonic.php(4990): igk_treat_filecommand(Object(stdClass))
#5 D:\Dev\php\armonic\armonic.php(4508): {closure}(Object(stdClass))
#6 D:\Dev\php\armonic\armonic.php(5520): igk_treat_execute_command(Object(stdClass))
#7 {main}
  thrown
file:D:\wwwroot\igkdev\Lib\igk\igk_framework.php
line:7164
]
10-02-2020 13:36:56:: - [igk_sys_g_handle_error] - :
severity: 2 session_destroy(): Trying to destroy uninitialized session D:\wwwroot\igkdev\Lib\igk\igk_framework.php:20555
10-02-2020 13:38:48:: - [igk_sys_g_handle_error] - :
severity: 8 Undefined property: stdClass::$staticMarkerOperator D:\Dev\php\armonic\armonic.php:828
10-02-2020 13:38:48:: - [igk_sys_g_handle_error] - /!\severity :8
message :Undefined property: stdClass::$staticMarkerOperator
filename :D:\Dev\php\armonic\armonic.php
line :828
request_uri :
query_string :

10-02-2020 13:38:48:: - [igk_sys_g_handle_error] - :
severity: 8 Undefined property: stdClass::$staticMarkerOperator D:\Dev\php\armonic\armonic.php:837
10-02-2020 13:38:48:: - [igk_sys_g_handle_error] - /!\severity :8
message :Undefined property: stdClass::$staticMarkerOperator
filename :D:\Dev\php\armonic\armonic.php
line :837
request_uri :
query_string :

10-02-2020 13:38:48:: - [igk_sys_g_handle_error] - :
severity: 8 Undefined property: stdClass::$staticMarkerOperator D:\Dev\php\armonic\armonic.php:828
10-02-2020 13:38:48:: - [igk_sys_g_handle_error] - /!\severity :8
message :Undefined property: stdClass::$staticMarkerOperator
filename :D:\Dev\php\armonic\armonic.php
line :828
request_uri :
query_string :

10-02-2020 13:38:48:: - [igk_sys_g_handle_error] - :
severity: 8 Undefined property: stdClass::$staticMarkerOperator D:\Dev\php\armonic\armonic.php:837
10-02-2020 13:38:48:: - [igk_sys_g_handle_error] - /!\severity :8
message :Undefined property: stdClass::$staticMarkerOperator
filename :D:\Dev\php\armonic\armonic.php
line :837
request_uri :
query_string :

10-02-2020 13:38:48:: - [igk_sys_g_handle_error] - :
severity: 8 Undefined property: stdClass::$staticMarkerOperator D:\Dev\php\armonic\armonic.php:828
10-02-2020 13:38:48:: - [igk_sys_g_handle_error] - /!\severity :8
message :Undefined property: stdClass::$staticMarkerOperator
filename :D:\Dev\php\armonic\armonic.php
line :828
request_uri :
query_string :

10-02-2020 13:38:48:: - [igk_sys_g_handle_error] - :
severity: 8 Undefined property: stdClass::$staticMarkerOperator D:\Dev\php\armonic\armonic.php:837
10-02-2020 13:38:48:: - [igk_sys_g_handle_error] - /!\severity :8
message :Undefined property: stdClass::$staticMarkerOperator
filename :D:\Dev\php\armonic\armonic.php
line :837
request_uri :
query_string :

10-02-2020 13:38:48:: - [igk_sys_g_handle_error] - :
severity: 8 Undefined property: stdClass::$staticMarkerOperator D:\Dev\php\armonic\armonic.php:828
10-02-2020 13:38:48:: - [igk_sys_g_handle_error] - /!\severity :8
message :Undefined property: stdClass::$staticMarkerOperator
filename :D:\Dev\php\armonic\armonic.php
line :828
request_uri :
query_string :

10-02-2020 13:38:48:: - [igk_sys_g_handle_error] - :
severity: 8 Undefined property: stdClass::$staticMarkerOperator D:\Dev\php\armonic\armonic.php:837
10-02-2020 13:38:48:: - [igk_sys_g_handle_error] - /!\severity :8
message :Undefined property: stdClass::$staticMarkerOperator
filename :D:\Dev\php\armonic\armonic.php
line :837
request_uri :
query_string :

10-02-2020 13:38:48:: - [igk_sys_g_handle_error] - :
severity: 8 Undefined property: stdClass::$staticMarkerOperator D:\Dev\php\armonic\armonic.php:828
10-02-2020 13:38:48:: - [igk_sys_g_handle_error] - /!\severity :8
message :Undefined property: stdClass::$staticMarkerOperator
filename :D:\Dev\php\armonic\armonic.php
line :828
request_uri :
query_string :

10-02-2020 13:38:48:: - [igk_sys_g_handle_error] - :
severity: 8 Undefined property: stdClass::$staticMarkerOperator D:\Dev\php\armonic\armonic.php:837
10-02-2020 13:38:48:: - [igk_sys_g_handle_error] - /!\severity :8
message :Undefined property: stdClass::$staticMarkerOperator
filename :D:\Dev\php\armonic\armonic.php
line :837
request_uri :
query_string :

10-02-2020 13:38:48:: - [igk_sys_g_handle_error] - :
severity: 8 Undefined property: stdClass::$staticMarkerOperator D:\Dev\php\armonic\armonic.php:828
10-02-2020 13:38:48:: - [igk_sys_g_handle_error] - /!\severity :8
message :Undefined property: stdClass::$staticMarkerOperator
filename :D:\Dev\php\armonic\armonic.php
line :828
request_uri :
query_string :

10-02-2020 13:38:48:: - [igk_sys_g_handle_error] - :
severity: 8 Undefined property: stdClass::$staticMarkerOperator D:\Dev\php\armonic\armonic.php:837
10-02-2020 13:38:48:: - [igk_sys_g_handle_error] - /!\severity :8
message :Undefined property: stdClass::$staticMarkerOperator
filename :D:\Dev\php\armonic\armonic.php
line :837
request_uri :
query_string :

10-02-2020 13:38:48:: - [igk_sys_g_handle_error] - :
severity: 8 Undefined property: stdClass::$staticMarkerOperator D:\Dev\php\armonic\armonic.php:828
10-02-2020 13:38:48:: - [igk_sys_g_handle_error] - /!\severity :8
message :Undefined property: stdClass::$staticMarkerOperator
filename :D:\Dev\php\armonic\armonic.php
line :828
request_uri :
query_string :

10-02-2020 13:38:48:: - [igk_sys_g_handle_error] - :
severity: 8 Undefined property: stdClass::$staticMarkerOperator D:\Dev\php\armonic\armonic.php:837
10-02-2020 13:38:48:: - [igk_sys_g_handle_error] - /!\severity :8
message :Undefined property: stdClass::$staticMarkerOperator
filename :D:\Dev\php\armonic\armonic.php
line :837
request_uri :
query_string :

10-02-2020 13:38:48:: - [igk_sys_g_handle_error] - :
severity: 2 Cannot modify header information - headers already sent by (output started at D:\wwwroot\igkdev\Lib\igk\igk_core.php:160) D:\wwwroot\igkdev\Lib\igk\igk_framework.php:7163
10-02-2020 13:38:48:: - [igk_sys_shutdown_function] - Array(4):[
type:1
message:Uncaught Exception: ok in D:\wwwroot\igkdev\Lib\igk\igk_framework.php:7164
Stack trace:
#0 D:\Dev\php\armonic\armonic.php(845): igk_die('ok')
#1 D:\Dev\php\armonic\armonic.php(2398): igk_treat_append(Object(stdClass), '1;', 0)
#2 D:\Dev\php\armonic\armonic.php(1327): {closure}('1;', 1, 0, Object(stdClass))
#3 D:\Dev\php\armonic\armonic.php(4721): igk_treat_source(Array, Object(Closure), Array, Object(stdClass))
#4 D:\Dev\php\armonic\armonic.php(4991): igk_treat_filecommand(Object(stdClass))
#5 D:\Dev\php\armonic\armonic.php(4509): {closure}(Object(stdClass))
#6 D:\Dev\php\armonic\armonic.php(5521): igk_treat_execute_command(Object(stdClass))
#7 {main}
  thrown
file:D:\wwwroot\igkdev\Lib\igk\igk_framework.php
line:7164
]
10-02-2020 13:38:48:: - [igk_sys_g_handle_error] - :
severity: 2 session_destroy(): Trying to destroy uninitialized session D:\wwwroot\igkdev\Lib\igk\igk_framework.php:20555
